2022-11-29 16:49:31.292351 Epoch 1 	Train Loss = 0.69264 Train acc = 0.51578  Val Loss = 0.68884 Val acc = 0.56139 
2022-11-29 16:49:32.342716 Epoch 2 	Train Loss = 0.68498 Train acc = 0.58782  Val Loss = 0.67955 Val acc = 0.61783 
2022-11-29 16:49:33.393423 Epoch 3 	Train Loss = 0.67323 Train acc = 0.63468  Val Loss = 0.66627 Val acc = 0.64896 
2022-11-29 16:49:34.437524 Epoch 4 	Train Loss = 0.65943 Train acc = 0.65570  Val Loss = 0.65384 Val acc = 0.66058 
2022-11-29 16:49:35.489345 Epoch 5 	Train Loss = 0.64791 Train acc = 0.66514  Val Loss = 0.64470 Val acc = 0.66497 
2022-11-29 16:49:36.532822 Epoch 6 	Train Loss = 0.64063 Train acc = 0.66697  Val Loss = 0.63941 Val acc = 0.66598 
2022-11-29 16:49:37.577921 Epoch 7 	Train Loss = 0.63661 Train acc = 0.66709  Val Loss = 0.63705 Val acc = 0.66577 
2022-11-29 16:49:38.620350 Epoch 8 	Train Loss = 0.63435 Train acc = 0.66723  Val Loss = 0.63564 Val acc = 0.66597 
2022-11-29 16:49:39.662938 Epoch 9 	Train Loss = 0.63286 Train acc = 0.66715  Val Loss = 0.63439 Val acc = 0.66583 
2022-11-29 16:49:40.710742 Epoch 10 	Train Loss = 0.63167 Train acc = 0.66729  Val Loss = 0.63377 Val acc = 0.66492 
2022-11-29 16:49:41.754083 Epoch 11 	Train Loss = 0.63057 Train acc = 0.66733  Val Loss = 0.63258 Val acc = 0.66568 
2022-11-29 16:49:42.795010 Epoch 12 	Train Loss = 0.62945 Train acc = 0.66751  Val Loss = 0.63159 Val acc = 0.66548 
2022-11-29 16:49:43.836998 Epoch 13 	Train Loss = 0.62826 Train acc = 0.66735  Val Loss = 0.63111 Val acc = 0.66507 
2022-11-29 16:49:44.881691 Epoch 14 	Train Loss = 0.62706 Train acc = 0.66804  Val Loss = 0.62966 Val acc = 0.66584 
2022-11-29 16:49:45.925043 Epoch 15 	Train Loss = 0.62577 Train acc = 0.66855  Val Loss = 0.62855 Val acc = 0.66579 
2022-11-29 16:49:46.968813 Epoch 16 	Train Loss = 0.62439 Train acc = 0.66933  Val Loss = 0.62857 Val acc = 0.66417 
2022-11-29 16:49:48.010670 Epoch 17 	Train Loss = 0.62292 Train acc = 0.67027  Val Loss = 0.62707 Val acc = 0.66542 
2022-11-29 16:49:49.052609 Epoch 18 	Train Loss = 0.62144 Train acc = 0.67186  Val Loss = 0.62569 Val acc = 0.66787 
2022-11-29 16:49:50.103764 Epoch 19 	Train Loss = 0.61986 Train acc = 0.67320  Val Loss = 0.62455 Val acc = 0.66792 
2022-11-29 16:49:51.150283 Epoch 20 	Train Loss = 0.61822 Train acc = 0.67437  Val Loss = 0.62444 Val acc = 0.66844 
2022-11-29 16:49:52.191802 Epoch 21 	Train Loss = 0.61653 Train acc = 0.67577  Val Loss = 0.62208 Val acc = 0.66877 
2022-11-29 16:49:53.237852 Epoch 22 	Train Loss = 0.61477 Train acc = 0.67728  Val Loss = 0.62086 Val acc = 0.66876 
2022-11-29 16:49:54.281611 Epoch 23 	Train Loss = 0.61293 Train acc = 0.67925  Val Loss = 0.61990 Val acc = 0.67080 
2022-11-29 16:49:55.337341 Epoch 24 	Train Loss = 0.61106 Train acc = 0.68104  Val Loss = 0.61815 Val acc = 0.67235 
2022-11-29 16:49:56.380747 Epoch 25 	Train Loss = 0.60912 Train acc = 0.68310  Val Loss = 0.61720 Val acc = 0.67304 
2022-11-29 16:49:57.426916 Epoch 26 	Train Loss = 0.60714 Train acc = 0.68482  Val Loss = 0.61571 Val acc = 0.67335 
2022-11-29 16:49:58.476389 Epoch 27 	Train Loss = 0.60509 Train acc = 0.68757  Val Loss = 0.61412 Val acc = 0.67424 
2022-11-29 16:49:59.528532 Epoch 28 	Train Loss = 0.60305 Train acc = 0.68962  Val Loss = 0.61298 Val acc = 0.67723 
2022-11-29 16:50:00.615223 Epoch 29 	Train Loss = 0.60092 Train acc = 0.69180  Val Loss = 0.61186 Val acc = 0.67880 
2022-11-29 16:50:01.683155 Epoch 30 	Train Loss = 0.59876 Train acc = 0.69398  Val Loss = 0.60974 Val acc = 0.68200 
2022-11-29 16:50:02.729925 Epoch 31 	Train Loss = 0.59658 Train acc = 0.69641  Val Loss = 0.60848 Val acc = 0.68324 
2022-11-29 16:50:03.793030 Epoch 32 	Train Loss = 0.59434 Train acc = 0.69939  Val Loss = 0.60739 Val acc = 0.68518 
2022-11-29 16:50:04.875035 Epoch 33 	Train Loss = 0.59211 Train acc = 0.70236  Val Loss = 0.60559 Val acc = 0.68673 
2022-11-29 16:50:05.956252 Epoch 34 	Train Loss = 0.58983 Train acc = 0.70510  Val Loss = 0.60422 Val acc = 0.68786 
2022-11-29 16:50:07.008896 Epoch 35 	Train Loss = 0.58753 Train acc = 0.70781  Val Loss = 0.60237 Val acc = 0.69032 
2022-11-29 16:50:08.058907 Epoch 36 	Train Loss = 0.58519 Train acc = 0.71035  Val Loss = 0.60169 Val acc = 0.69044 
2022-11-29 16:50:09.111314 Epoch 37 	Train Loss = 0.58283 Train acc = 0.71299  Val Loss = 0.59933 Val acc = 0.69340 
2022-11-29 16:50:10.222283 Epoch 38 	Train Loss = 0.58047 Train acc = 0.71548  Val Loss = 0.59802 Val acc = 0.69419 
2022-11-29 16:50:11.297184 Epoch 39 	Train Loss = 0.57808 Train acc = 0.71849  Val Loss = 0.59709 Val acc = 0.69582 
2022-11-29 16:50:12.367820 Epoch 40 	Train Loss = 0.57572 Train acc = 0.72087  Val Loss = 0.59497 Val acc = 0.69862 
2022-11-29 16:50:13.455861 Epoch 41 	Train Loss = 0.57330 Train acc = 0.72352  Val Loss = 0.59364 Val acc = 0.70006 
2022-11-29 16:50:14.525650 Epoch 42 	Train Loss = 0.57090 Train acc = 0.72637  Val Loss = 0.59198 Val acc = 0.70270 
2022-11-29 16:50:15.576895 Epoch 43 	Train Loss = 0.56847 Train acc = 0.72891  Val Loss = 0.59040 Val acc = 0.70394 
2022-11-29 16:50:16.670740 Epoch 44 	Train Loss = 0.56607 Train acc = 0.73169  Val Loss = 0.58908 Val acc = 0.70534 
2022-11-29 16:50:17.732247 Epoch 45 	Train Loss = 0.56366 Train acc = 0.73393  Val Loss = 0.58807 Val acc = 0.70582 
2022-11-29 16:50:18.781596 Epoch 46 	Train Loss = 0.56127 Train acc = 0.73705  Val Loss = 0.58632 Val acc = 0.70771 
2022-11-29 16:50:19.829151 Epoch 47 	Train Loss = 0.55883 Train acc = 0.74018  Val Loss = 0.58534 Val acc = 0.70844 
2022-11-29 16:50:20.921175 Epoch 48 	Train Loss = 0.55643 Train acc = 0.74298  Val Loss = 0.58326 Val acc = 0.71081 
2022-11-29 16:50:21.971016 Epoch 49 	Train Loss = 0.55403 Train acc = 0.74543  Val Loss = 0.58216 Val acc = 0.71158 
2022-11-29 16:50:23.020520 Epoch 50 	Train Loss = 0.55162 Train acc = 0.74920  Val Loss = 0.57964 Val acc = 0.71496 
2022-11-29 16:50:24.091240 Epoch 51 	Train Loss = 0.54924 Train acc = 0.75192  Val Loss = 0.57876 Val acc = 0.71499 
2022-11-29 16:50:25.139406 Epoch 52 	Train Loss = 0.54688 Train acc = 0.75492  Val Loss = 0.57798 Val acc = 0.71583 
2022-11-29 16:50:26.181313 Epoch 53 	Train Loss = 0.54453 Train acc = 0.75775  Val Loss = 0.57604 Val acc = 0.71829 
2022-11-29 16:50:27.230110 Epoch 54 	Train Loss = 0.54218 Train acc = 0.76054  Val Loss = 0.57515 Val acc = 0.71916 
2022-11-29 16:50:28.274906 Epoch 55 	Train Loss = 0.53987 Train acc = 0.76273  Val Loss = 0.57354 Val acc = 0.72052 
2022-11-29 16:50:29.321651 Epoch 56 	Train Loss = 0.53756 Train acc = 0.76538  Val Loss = 0.57229 Val acc = 0.72211 
2022-11-29 16:50:30.388312 Epoch 57 	Train Loss = 0.53529 Train acc = 0.76815  Val Loss = 0.57089 Val acc = 0.72385 
2022-11-29 16:50:31.506635 Epoch 58 	Train Loss = 0.53303 Train acc = 0.77098  Val Loss = 0.57042 Val acc = 0.72422 
2022-11-29 16:50:32.558104 Epoch 59 	Train Loss = 0.53079 Train acc = 0.77328  Val Loss = 0.56882 Val acc = 0.72678 
2022-11-29 16:50:33.603640 Epoch 60 	Train Loss = 0.52857 Train acc = 0.77585  Val Loss = 0.56713 Val acc = 0.72938 
2022-11-29 16:50:34.650628 Epoch 61 	Train Loss = 0.52637 Train acc = 0.77816  Val Loss = 0.56595 Val acc = 0.73052 
2022-11-29 16:50:35.701591 Epoch 62 	Train Loss = 0.52421 Train acc = 0.78057  Val Loss = 0.56485 Val acc = 0.73256 
2022-11-29 16:50:36.744916 Epoch 63 	Train Loss = 0.52211 Train acc = 0.78362  Val Loss = 0.56357 Val acc = 0.73300 
2022-11-29 16:50:37.795706 Epoch 64 	Train Loss = 0.52003 Train acc = 0.78609  Val Loss = 0.56273 Val acc = 0.73344 
2022-11-29 16:50:38.841096 Epoch 65 	Train Loss = 0.51794 Train acc = 0.78801  Val Loss = 0.56101 Val acc = 0.73579 
2022-11-29 16:50:39.888233 Epoch 66 	Train Loss = 0.51593 Train acc = 0.79046  Val Loss = 0.55951 Val acc = 0.73759 
2022-11-29 16:50:40.939811 Epoch 67 	Train Loss = 0.51392 Train acc = 0.79285  Val Loss = 0.55898 Val acc = 0.73822 
2022-11-29 16:50:41.988945 Epoch 68 	Train Loss = 0.51196 Train acc = 0.79532  Val Loss = 0.55768 Val acc = 0.73917 
2022-11-29 16:50:43.037796 Epoch 69 	Train Loss = 0.51002 Train acc = 0.79751  Val Loss = 0.55640 Val acc = 0.74032 
2022-11-29 16:50:44.085759 Epoch 70 	Train Loss = 0.50812 Train acc = 0.79998  Val Loss = 0.55517 Val acc = 0.74187 
2022-11-29 16:50:45.134317 Epoch 71 	Train Loss = 0.50623 Train acc = 0.80186  Val Loss = 0.55373 Val acc = 0.74372 
2022-11-29 16:50:46.176397 Epoch 72 	Train Loss = 0.50442 Train acc = 0.80422  Val Loss = 0.55336 Val acc = 0.74525 
2022-11-29 16:50:47.219207 Epoch 73 	Train Loss = 0.50263 Train acc = 0.80636  Val Loss = 0.55258 Val acc = 0.74599 
2022-11-29 16:50:48.261500 Epoch 74 	Train Loss = 0.50088 Train acc = 0.80840  Val Loss = 0.55131 Val acc = 0.74753 
2022-11-29 16:50:49.305966 Epoch 75 	Train Loss = 0.49919 Train acc = 0.81012  Val Loss = 0.55039 Val acc = 0.74913 
2022-11-29 16:50:50.357653 Epoch 76 	Train Loss = 0.49748 Train acc = 0.81153  Val Loss = 0.54874 Val acc = 0.75023 
2022-11-29 16:50:51.401755 Epoch 77 	Train Loss = 0.49585 Train acc = 0.81382  Val Loss = 0.54848 Val acc = 0.75066 
2022-11-29 16:50:52.445831 Epoch 78 	Train Loss = 0.49424 Train acc = 0.81591  Val Loss = 0.54685 Val acc = 0.75268 
2022-11-29 16:50:53.495774 Epoch 79 	Train Loss = 0.49264 Train acc = 0.81725  Val Loss = 0.54620 Val acc = 0.75292 
2022-11-29 16:50:54.538663 Epoch 80 	Train Loss = 0.49111 Train acc = 0.81918  Val Loss = 0.54626 Val acc = 0.75290 
2022-11-29 16:50:55.586067 Epoch 81 	Train Loss = 0.48961 Train acc = 0.82045  Val Loss = 0.54452 Val acc = 0.75545 
2022-11-29 16:50:56.632634 Epoch 82 	Train Loss = 0.48812 Train acc = 0.82234  Val Loss = 0.54415 Val acc = 0.75619 
2022-11-29 16:50:57.676792 Epoch 83 	Train Loss = 0.48669 Train acc = 0.82434  Val Loss = 0.54241 Val acc = 0.75811 
2022-11-29 16:50:58.719716 Epoch 84 	Train Loss = 0.48527 Train acc = 0.82584  Val Loss = 0.54235 Val acc = 0.75818 
2022-11-29 16:50:59.764070 Epoch 85 	Train Loss = 0.48391 Train acc = 0.82765  Val Loss = 0.54146 Val acc = 0.75888 
2022-11-29 16:51:00.813241 Epoch 86 	Train Loss = 0.48252 Train acc = 0.82967  Val Loss = 0.54000 Val acc = 0.76109 
2022-11-29 16:51:01.855538 Epoch 87 	Train Loss = 0.48123 Train acc = 0.83101  Val Loss = 0.54024 Val acc = 0.76057 
2022-11-29 16:51:02.899621 Epoch 88 	Train Loss = 0.47991 Train acc = 0.83256  Val Loss = 0.53890 Val acc = 0.76173 
2022-11-29 16:51:03.946153 Epoch 89 	Train Loss = 0.47862 Train acc = 0.83391  Val Loss = 0.53863 Val acc = 0.76226 
2022-11-29 16:51:04.992184 Epoch 90 	Train Loss = 0.47738 Train acc = 0.83533  Val Loss = 0.53786 Val acc = 0.76331 
2022-11-29 16:51:06.039658 Epoch 91 	Train Loss = 0.47617 Train acc = 0.83650  Val Loss = 0.53625 Val acc = 0.76497 
2022-11-29 16:51:07.084814 Epoch 92 	Train Loss = 0.47498 Train acc = 0.83773  Val Loss = 0.53598 Val acc = 0.76551 
2022-11-29 16:51:08.141122 Epoch 93 	Train Loss = 0.47382 Train acc = 0.83893  Val Loss = 0.53604 Val acc = 0.76549 
2022-11-29 16:51:09.190394 Epoch 94 	Train Loss = 0.47268 Train acc = 0.84050  Val Loss = 0.53439 Val acc = 0.76696 
2022-11-29 16:51:10.235858 Epoch 95 	Train Loss = 0.47160 Train acc = 0.84181  Val Loss = 0.53473 Val acc = 0.76853 
2022-11-29 16:51:11.284353 Epoch 96 	Train Loss = 0.47052 Train acc = 0.84286  Val Loss = 0.53340 Val acc = 0.76974 
2022-11-29 16:51:12.326742 Epoch 97 	Train Loss = 0.46945 Train acc = 0.84406  Val Loss = 0.53270 Val acc = 0.77039 
2022-11-29 16:51:13.371845 Epoch 98 	Train Loss = 0.46842 Train acc = 0.84555  Val Loss = 0.53265 Val acc = 0.77108 
2022-11-29 16:51:14.412136 Epoch 99 	Train Loss = 0.46740 Train acc = 0.84641  Val Loss = 0.53176 Val acc = 0.77213 
2022-11-29 16:51:15.458670 Epoch 100 	Train Loss = 0.46643 Train acc = 0.84760  Val Loss = 0.53126 Val acc = 0.77282 
2022-11-29 16:51:16.498119 Epoch 101 	Train Loss = 0.46547 Train acc = 0.84894  Val Loss = 0.53082 Val acc = 0.77342 
2022-11-29 16:51:17.542229 Epoch 102 	Train Loss = 0.46458 Train acc = 0.84973  Val Loss = 0.53091 Val acc = 0.77226 
2022-11-29 16:51:18.587534 Epoch 103 	Train Loss = 0.46367 Train acc = 0.85089  Val Loss = 0.52993 Val acc = 0.77347 
2022-11-29 16:51:19.633077 Epoch 104 	Train Loss = 0.46275 Train acc = 0.85147  Val Loss = 0.52984 Val acc = 0.77395 
2022-11-29 16:51:20.680117 Epoch 105 	Train Loss = 0.46191 Train acc = 0.85277  Val Loss = 0.52913 Val acc = 0.77530 
2022-11-29 16:51:21.724589 Epoch 106 	Train Loss = 0.46107 Train acc = 0.85375  Val Loss = 0.52879 Val acc = 0.77510 
2022-11-29 16:51:22.778799 Epoch 107 	Train Loss = 0.46025 Train acc = 0.85462  Val Loss = 0.52768 Val acc = 0.77606 
2022-11-29 16:51:23.829805 Epoch 108 	Train Loss = 0.45946 Train acc = 0.85554  Val Loss = 0.52783 Val acc = 0.77610 
2022-11-29 16:51:24.872949 Epoch 109 	Train Loss = 0.45866 Train acc = 0.85640  Val Loss = 0.52758 Val acc = 0.77614 
2022-11-29 16:51:25.927289 Epoch 110 	Train Loss = 0.45793 Train acc = 0.85737  Val Loss = 0.52696 Val acc = 0.77675 
2022-11-29 16:51:26.985842 Epoch 111 	Train Loss = 0.45716 Train acc = 0.85805  Val Loss = 0.52587 Val acc = 0.77805 
2022-11-29 16:51:28.038923 Epoch 112 	Train Loss = 0.45644 Train acc = 0.85860  Val Loss = 0.52670 Val acc = 0.77673 
2022-11-29 16:51:29.087793 Epoch 113 	Train Loss = 0.45574 Train acc = 0.85969  Val Loss = 0.52555 Val acc = 0.77909 
2022-11-29 16:51:30.126413 Epoch 114 	Train Loss = 0.45504 Train acc = 0.86051  Val Loss = 0.52506 Val acc = 0.77899 
2022-11-29 16:51:31.175726 Epoch 115 	Train Loss = 0.45435 Train acc = 0.86131  Val Loss = 0.52399 Val acc = 0.78065 
2022-11-29 16:51:32.227287 Epoch 116 	Train Loss = 0.45368 Train acc = 0.86194  Val Loss = 0.52418 Val acc = 0.78084 
2022-11-29 16:51:33.275243 Epoch 117 	Train Loss = 0.45304 Train acc = 0.86262  Val Loss = 0.52408 Val acc = 0.78108 
2022-11-29 16:51:34.322387 Epoch 118 	Train Loss = 0.45237 Train acc = 0.86345  Val Loss = 0.52381 Val acc = 0.78079 
2022-11-29 16:51:35.368627 Epoch 119 	Train Loss = 0.45173 Train acc = 0.86402  Val Loss = 0.52401 Val acc = 0.78113 
2022-11-29 16:51:36.454351 Epoch 120 	Train Loss = 0.45110 Train acc = 0.86493  Val Loss = 0.52378 Val acc = 0.78177 
2022-11-29 16:51:37.503404 Epoch 121 	Train Loss = 0.45053 Train acc = 0.86535  Val Loss = 0.52337 Val acc = 0.78252 
2022-11-29 16:51:38.550839 Epoch 122 	Train Loss = 0.44990 Train acc = 0.86603  Val Loss = 0.52321 Val acc = 0.78177 
2022-11-29 16:51:39.623567 Epoch 123 	Train Loss = 0.44931 Train acc = 0.86677  Val Loss = 0.52333 Val acc = 0.78211 
2022-11-29 16:51:40.670415 Epoch 124 	Train Loss = 0.44877 Train acc = 0.86743  Val Loss = 0.52213 Val acc = 0.78373 
2022-11-29 16:51:41.719021 Epoch 125 	Train Loss = 0.44818 Train acc = 0.86799  Val Loss = 0.52211 Val acc = 0.78367 
2022-11-29 16:51:42.760311 Epoch 126 	Train Loss = 0.44764 Train acc = 0.86874  Val Loss = 0.52243 Val acc = 0.78436 
2022-11-29 16:51:43.803480 Epoch 127 	Train Loss = 0.44708 Train acc = 0.86955  Val Loss = 0.52214 Val acc = 0.78401 
2022-11-29 16:51:44.846468 Epoch 128 	Train Loss = 0.44656 Train acc = 0.86988  Val Loss = 0.52240 Val acc = 0.78395 
2022-11-29 16:51:45.896450 Epoch 129 	Train Loss = 0.44604 Train acc = 0.87054  Val Loss = 0.52200 Val acc = 0.78456 
2022-11-29 16:51:46.941165 Epoch 130 	Train Loss = 0.44555 Train acc = 0.87094  Val Loss = 0.52160 Val acc = 0.78456 
2022-11-29 16:51:47.986188 Epoch 131 	Train Loss = 0.44506 Train acc = 0.87146  Val Loss = 0.52173 Val acc = 0.78450 
2022-11-29 16:51:49.032594 Epoch 132 	Train Loss = 0.44455 Train acc = 0.87226  Val Loss = 0.52161 Val acc = 0.78460 
2022-11-29 16:51:50.084920 Epoch 133 	Train Loss = 0.44410 Train acc = 0.87270  Val Loss = 0.52118 Val acc = 0.78495 
2022-11-29 16:51:51.135481 Epoch 134 	Train Loss = 0.44362 Train acc = 0.87313  Val Loss = 0.52083 Val acc = 0.78511 
2022-11-29 16:51:52.184703 Epoch 135 	Train Loss = 0.44316 Train acc = 0.87381  Val Loss = 0.52086 Val acc = 0.78495 
2022-11-29 16:51:53.226040 Epoch 136 	Train Loss = 0.44270 Train acc = 0.87412  Val Loss = 0.52029 Val acc = 0.78616 
2022-11-29 16:51:54.271316 Epoch 137 	Train Loss = 0.44228 Train acc = 0.87489  Val Loss = 0.52109 Val acc = 0.78494 
2022-11-29 16:51:55.317322 Epoch 138 	Train Loss = 0.44183 Train acc = 0.87519  Val Loss = 0.52019 Val acc = 0.78591 
2022-11-29 16:51:56.359609 Epoch 139 	Train Loss = 0.44139 Train acc = 0.87565  Val Loss = 0.51932 Val acc = 0.78637 
2022-11-29 16:51:57.407618 Epoch 140 	Train Loss = 0.44098 Train acc = 0.87618  Val Loss = 0.52071 Val acc = 0.78604 
2022-11-29 16:51:58.448365 Epoch 141 	Train Loss = 0.44059 Train acc = 0.87658  Val Loss = 0.51951 Val acc = 0.78715 
2022-11-29 16:51:59.493948 Epoch 142 	Train Loss = 0.44015 Train acc = 0.87738  Val Loss = 0.51902 Val acc = 0.78737 
2022-11-29 16:52:00.542398 Epoch 143 	Train Loss = 0.43977 Train acc = 0.87768  Val Loss = 0.51966 Val acc = 0.78700 
2022-11-29 16:52:01.586796 Epoch 144 	Train Loss = 0.43936 Train acc = 0.87811  Val Loss = 0.51896 Val acc = 0.78791 
2022-11-29 16:52:02.631152 Epoch 145 	Train Loss = 0.43896 Train acc = 0.87845  Val Loss = 0.51893 Val acc = 0.78765 
2022-11-29 16:52:03.674139 Epoch 146 	Train Loss = 0.43858 Train acc = 0.87877  Val Loss = 0.51906 Val acc = 0.78750 
2022-11-29 16:52:04.713910 Epoch 147 	Train Loss = 0.43823 Train acc = 0.87920  Val Loss = 0.51855 Val acc = 0.78831 
2022-11-29 16:52:05.763182 Epoch 148 	Train Loss = 0.43784 Train acc = 0.87966  Val Loss = 0.51869 Val acc = 0.78795 
2022-11-29 16:52:06.807674 Epoch 149 	Train Loss = 0.43744 Train acc = 0.88059  Val Loss = 0.51958 Val acc = 0.78683 
2022-11-29 16:52:07.851144 Epoch 150 	Train Loss = 0.43710 Train acc = 0.88077  Val Loss = 0.51848 Val acc = 0.78790 
2022-11-29 16:52:08.889885 Epoch 151 	Train Loss = 0.43670 Train acc = 0.88120  Val Loss = 0.51865 Val acc = 0.78764 
2022-11-29 16:52:09.932663 Epoch 152 	Train Loss = 0.43634 Train acc = 0.88144  Val Loss = 0.51918 Val acc = 0.78693 
2022-11-29 16:52:10.978279 Epoch 153 	Train Loss = 0.43598 Train acc = 0.88185  Val Loss = 0.51905 Val acc = 0.78703 
2022-11-29 16:52:12.020553 Epoch 154 	Train Loss = 0.43562 Train acc = 0.88228  Val Loss = 0.51846 Val acc = 0.78774 
2022-11-29 16:52:13.076645 Epoch 155 	Train Loss = 0.43528 Train acc = 0.88278  Val Loss = 0.51815 Val acc = 0.78760 
2022-11-29 16:52:14.123771 Epoch 156 	Train Loss = 0.43492 Train acc = 0.88301  Val Loss = 0.51720 Val acc = 0.78836 
2022-11-29 16:52:15.182248 Epoch 157 	Train Loss = 0.43456 Train acc = 0.88332  Val Loss = 0.51741 Val acc = 0.78845 
2022-11-29 16:52:16.224998 Epoch 158 	Train Loss = 0.43426 Train acc = 0.88390  Val Loss = 0.51779 Val acc = 0.78849 
2022-11-29 16:52:17.267295 Epoch 159 	Train Loss = 0.43390 Train acc = 0.88401  Val Loss = 0.51729 Val acc = 0.78924 
2022-11-29 16:52:18.310353 Epoch 160 	Train Loss = 0.43356 Train acc = 0.88426  Val Loss = 0.51690 Val acc = 0.78930 
2022-11-29 16:52:19.353081 Epoch 161 	Train Loss = 0.43325 Train acc = 0.88466  Val Loss = 0.51728 Val acc = 0.78884 
2022-11-29 16:52:20.398603 Epoch 162 	Train Loss = 0.43291 Train acc = 0.88525  Val Loss = 0.51668 Val acc = 0.78950 
2022-11-29 16:52:21.443081 Epoch 163 	Train Loss = 0.43262 Train acc = 0.88537  Val Loss = 0.51665 Val acc = 0.78934 
2022-11-29 16:52:22.496156 Epoch 164 	Train Loss = 0.43226 Train acc = 0.88562  Val Loss = 0.51711 Val acc = 0.78903 
2022-11-29 16:52:23.544917 Epoch 165 	Train Loss = 0.43198 Train acc = 0.88594  Val Loss = 0.51658 Val acc = 0.78989 
2022-11-29 16:52:24.594299 Epoch 166 	Train Loss = 0.43167 Train acc = 0.88631  Val Loss = 0.51649 Val acc = 0.79028 
2022-11-29 16:52:25.639838 Epoch 167 	Train Loss = 0.43141 Train acc = 0.88656  Val Loss = 0.51573 Val acc = 0.79115 
2022-11-29 16:52:26.683513 Epoch 168 	Train Loss = 0.43110 Train acc = 0.88702  Val Loss = 0.51581 Val acc = 0.79129 
2022-11-29 16:52:27.735882 Epoch 169 	Train Loss = 0.43081 Train acc = 0.88733  Val Loss = 0.51606 Val acc = 0.79088 
2022-11-29 16:52:28.781815 Epoch 170 	Train Loss = 0.43050 Train acc = 0.88744  Val Loss = 0.51574 Val acc = 0.79128 
2022-11-29 16:52:29.832682 Epoch 171 	Train Loss = 0.43028 Train acc = 0.88777  Val Loss = 0.51517 Val acc = 0.79209 
2022-11-29 16:52:30.876692 Epoch 172 	Train Loss = 0.43001 Train acc = 0.88802  Val Loss = 0.51582 Val acc = 0.79132 
2022-11-29 16:52:31.915228 Epoch 173 	Train Loss = 0.42972 Train acc = 0.88833  Val Loss = 0.51577 Val acc = 0.79111 
2022-11-29 16:52:32.958785 Epoch 174 	Train Loss = 0.42948 Train acc = 0.88874  Val Loss = 0.51513 Val acc = 0.79199 
2022-11-29 16:52:34.006915 Epoch 175 	Train Loss = 0.42923 Train acc = 0.88881  Val Loss = 0.51478 Val acc = 0.79278 
2022-11-29 16:52:35.056525 Epoch 176 	Train Loss = 0.42899 Train acc = 0.88915  Val Loss = 0.51412 Val acc = 0.79379 
2022-11-29 16:52:36.100664 Epoch 177 	Train Loss = 0.42874 Train acc = 0.88941  Val Loss = 0.51484 Val acc = 0.79283 
2022-11-29 16:52:37.144208 Epoch 178 	Train Loss = 0.42852 Train acc = 0.88968  Val Loss = 0.51485 Val acc = 0.79307 
2022-11-29 16:52:38.189501 Epoch 179 	Train Loss = 0.42825 Train acc = 0.88982  Val Loss = 0.51492 Val acc = 0.79297 
2022-11-29 16:52:39.234270 Epoch 180 	Train Loss = 0.42799 Train acc = 0.89019  Val Loss = 0.51493 Val acc = 0.79312 
2022-11-29 16:52:40.284697 Epoch 181 	Train Loss = 0.42778 Train acc = 0.89036  Val Loss = 0.51522 Val acc = 0.79266 
2022-11-29 16:52:41.327304 Epoch 182 	Train Loss = 0.42753 Train acc = 0.89059  Val Loss = 0.51438 Val acc = 0.79392 
2022-11-29 16:52:42.369310 Epoch 183 	Train Loss = 0.42730 Train acc = 0.89077  Val Loss = 0.51373 Val acc = 0.79453 
2022-11-29 16:52:43.409979 Epoch 184 	Train Loss = 0.42705 Train acc = 0.89124  Val Loss = 0.51437 Val acc = 0.79377 
2022-11-29 16:52:44.445960 Epoch 185 	Train Loss = 0.42683 Train acc = 0.89118  Val Loss = 0.51366 Val acc = 0.79473 
2022-11-29 16:52:45.496779 Epoch 186 	Train Loss = 0.42655 Train acc = 0.89168  Val Loss = 0.51351 Val acc = 0.79498 
2022-11-29 16:52:46.541634 Epoch 187 	Train Loss = 0.42630 Train acc = 0.89206  Val Loss = 0.51420 Val acc = 0.79436 
2022-11-29 16:52:47.587402 Epoch 188 	Train Loss = 0.42608 Train acc = 0.89228  Val Loss = 0.51482 Val acc = 0.79366 
2022-11-29 16:52:48.629218 Epoch 189 	Train Loss = 0.42585 Train acc = 0.89216  Val Loss = 0.51460 Val acc = 0.79441 
2022-11-29 16:52:49.672911 Epoch 190 	Train Loss = 0.42563 Train acc = 0.89250  Val Loss = 0.51410 Val acc = 0.79512 
2022-11-29 16:52:50.720081 Epoch 191 	Train Loss = 0.42541 Train acc = 0.89265  Val Loss = 0.51425 Val acc = 0.79526 
2022-11-29 16:52:51.765924 Epoch 192 	Train Loss = 0.42521 Train acc = 0.89286  Val Loss = 0.51453 Val acc = 0.79530 
2022-11-29 16:52:52.806793 Epoch 193 	Train Loss = 0.42502 Train acc = 0.89304  Val Loss = 0.51392 Val acc = 0.79542 
2022-11-29 16:52:53.848409 Epoch 194 	Train Loss = 0.42477 Train acc = 0.89333  Val Loss = 0.51391 Val acc = 0.79581 
2022-11-29 16:52:54.892590 Epoch 195 	Train Loss = 0.42458 Train acc = 0.89359  Val Loss = 0.51394 Val acc = 0.79561 
2022-11-29 16:52:55.939499 Epoch 196 	Train Loss = 0.42439 Train acc = 0.89384  Val Loss = 0.51365 Val acc = 0.79587 
2022-11-29 16:52:56.979864 Epoch 197 	Train Loss = 0.42415 Train acc = 0.89390  Val Loss = 0.51375 Val acc = 0.79601 
2022-11-29 16:52:58.022606 Epoch 198 	Train Loss = 0.42395 Train acc = 0.89420  Val Loss = 0.51412 Val acc = 0.79536 
2022-11-29 16:52:59.067798 Epoch 199 	Train Loss = 0.42379 Train acc = 0.89444  Val Loss = 0.51402 Val acc = 0.79516 
2022-11-29 16:53:00.117983 Epoch 200 	Train Loss = 0.42360 Train acc = 0.89460  Val Loss = 0.51370 Val acc = 0.79591 
2022-11-29 16:53:01.160850 Epoch 201 	Train Loss = 0.42341 Train acc = 0.89471  Val Loss = 0.51382 Val acc = 0.79542 
Early stopping at epoch: 201
Best at epoch 186:
Train Loss = 0.42655 Train acc = 0.89168 
Val Loss = 0.51351 Val acc = 0.79498 
Test Loss = 0.58692 Test acc = 0.72118 
