2022-11-29 16:54:04.215045 Epoch 1 	Train Loss = 0.70396 Train acc = 0.50358  Val Loss = 0.69756 Val acc = 0.51244 
2022-11-29 16:54:05.051587 Epoch 2 	Train Loss = 0.68962 Train acc = 0.53686  Val Loss = 0.68495 Val acc = 0.55077 
2022-11-29 16:54:05.866624 Epoch 3 	Train Loss = 0.67907 Train acc = 0.58457  Val Loss = 0.67640 Val acc = 0.60355 
2022-11-29 16:54:06.676142 Epoch 4 	Train Loss = 0.67170 Train acc = 0.62678  Val Loss = 0.66997 Val acc = 0.63517 
2022-11-29 16:54:07.486550 Epoch 5 	Train Loss = 0.66592 Train acc = 0.64897  Val Loss = 0.66493 Val acc = 0.65183 
2022-11-29 16:54:08.292650 Epoch 6 	Train Loss = 0.66093 Train acc = 0.65742  Val Loss = 0.66057 Val acc = 0.65780 
2022-11-29 16:54:09.102548 Epoch 7 	Train Loss = 0.65639 Train acc = 0.66145  Val Loss = 0.65629 Val acc = 0.66294 
2022-11-29 16:54:09.914099 Epoch 8 	Train Loss = 0.65212 Train acc = 0.66326  Val Loss = 0.65271 Val acc = 0.66273 
2022-11-29 16:54:10.712281 Epoch 9 	Train Loss = 0.64810 Train acc = 0.66464  Val Loss = 0.64884 Val acc = 0.66379 
2022-11-29 16:54:11.518564 Epoch 10 	Train Loss = 0.64431 Train acc = 0.66555  Val Loss = 0.64588 Val acc = 0.66388 
2022-11-29 16:54:12.323998 Epoch 11 	Train Loss = 0.64068 Train acc = 0.66639  Val Loss = 0.64290 Val acc = 0.66384 
2022-11-29 16:54:13.122806 Epoch 12 	Train Loss = 0.63722 Train acc = 0.66721  Val Loss = 0.63978 Val acc = 0.66403 
2022-11-29 16:54:13.913065 Epoch 13 	Train Loss = 0.63391 Train acc = 0.66852  Val Loss = 0.63728 Val acc = 0.66538 
2022-11-29 16:54:14.716355 Epoch 14 	Train Loss = 0.63071 Train acc = 0.67047  Val Loss = 0.63499 Val acc = 0.66506 
2022-11-29 16:54:15.520050 Epoch 15 	Train Loss = 0.62760 Train acc = 0.67190  Val Loss = 0.63258 Val acc = 0.66732 
2022-11-29 16:54:16.325475 Epoch 16 	Train Loss = 0.62460 Train acc = 0.67358  Val Loss = 0.63010 Val acc = 0.66722 
2022-11-29 16:54:17.130562 Epoch 17 	Train Loss = 0.62166 Train acc = 0.67519  Val Loss = 0.62768 Val acc = 0.66708 
2022-11-29 16:54:17.927645 Epoch 18 	Train Loss = 0.61871 Train acc = 0.67699  Val Loss = 0.62555 Val acc = 0.66792 
2022-11-29 16:54:18.734667 Epoch 19 	Train Loss = 0.61581 Train acc = 0.67939  Val Loss = 0.62338 Val acc = 0.66951 
2022-11-29 16:54:19.541467 Epoch 20 	Train Loss = 0.61297 Train acc = 0.68195  Val Loss = 0.62134 Val acc = 0.67100 
2022-11-29 16:54:20.352519 Epoch 21 	Train Loss = 0.61011 Train acc = 0.68483  Val Loss = 0.61961 Val acc = 0.67303 
2022-11-29 16:54:21.157722 Epoch 22 	Train Loss = 0.60728 Train acc = 0.68775  Val Loss = 0.61685 Val acc = 0.67525 
2022-11-29 16:54:21.961059 Epoch 23 	Train Loss = 0.60446 Train acc = 0.68982  Val Loss = 0.61526 Val acc = 0.67578 
2022-11-29 16:54:22.772962 Epoch 24 	Train Loss = 0.60164 Train acc = 0.69343  Val Loss = 0.61359 Val acc = 0.67726 
2022-11-29 16:54:23.585668 Epoch 25 	Train Loss = 0.59884 Train acc = 0.69683  Val Loss = 0.61101 Val acc = 0.68096 
2022-11-29 16:54:24.389811 Epoch 26 	Train Loss = 0.59604 Train acc = 0.69992  Val Loss = 0.60875 Val acc = 0.68371 
2022-11-29 16:54:25.198160 Epoch 27 	Train Loss = 0.59323 Train acc = 0.70237  Val Loss = 0.60747 Val acc = 0.68367 
2022-11-29 16:54:26.004261 Epoch 28 	Train Loss = 0.59044 Train acc = 0.70498  Val Loss = 0.60579 Val acc = 0.68601 
2022-11-29 16:54:26.814441 Epoch 29 	Train Loss = 0.58765 Train acc = 0.70826  Val Loss = 0.60280 Val acc = 0.69007 
2022-11-29 16:54:27.622194 Epoch 30 	Train Loss = 0.58487 Train acc = 0.71143  Val Loss = 0.60154 Val acc = 0.69078 
2022-11-29 16:54:28.430013 Epoch 31 	Train Loss = 0.58208 Train acc = 0.71390  Val Loss = 0.59888 Val acc = 0.69540 
2022-11-29 16:54:29.240030 Epoch 32 	Train Loss = 0.57932 Train acc = 0.71679  Val Loss = 0.59695 Val acc = 0.69803 
2022-11-29 16:54:30.045824 Epoch 33 	Train Loss = 0.57652 Train acc = 0.72012  Val Loss = 0.59447 Val acc = 0.70217 
2022-11-29 16:54:30.852380 Epoch 34 	Train Loss = 0.57381 Train acc = 0.72308  Val Loss = 0.59277 Val acc = 0.70421 
2022-11-29 16:54:31.660781 Epoch 35 	Train Loss = 0.57106 Train acc = 0.72648  Val Loss = 0.59042 Val acc = 0.70566 
2022-11-29 16:54:32.465706 Epoch 36 	Train Loss = 0.56831 Train acc = 0.73007  Val Loss = 0.58892 Val acc = 0.70663 
2022-11-29 16:54:33.277064 Epoch 37 	Train Loss = 0.56561 Train acc = 0.73292  Val Loss = 0.58692 Val acc = 0.70903 
2022-11-29 16:54:34.088236 Epoch 38 	Train Loss = 0.56291 Train acc = 0.73573  Val Loss = 0.58524 Val acc = 0.71115 
2022-11-29 16:54:34.891498 Epoch 39 	Train Loss = 0.56026 Train acc = 0.73897  Val Loss = 0.58360 Val acc = 0.71235 
2022-11-29 16:54:35.698762 Epoch 40 	Train Loss = 0.55760 Train acc = 0.74238  Val Loss = 0.58106 Val acc = 0.71475 
2022-11-29 16:54:36.504053 Epoch 41 	Train Loss = 0.55494 Train acc = 0.74541  Val Loss = 0.57951 Val acc = 0.71762 
2022-11-29 16:54:37.314584 Epoch 42 	Train Loss = 0.55236 Train acc = 0.74789  Val Loss = 0.57742 Val acc = 0.71981 
2022-11-29 16:54:38.118345 Epoch 43 	Train Loss = 0.54976 Train acc = 0.75122  Val Loss = 0.57502 Val acc = 0.72211 
2022-11-29 16:54:38.924258 Epoch 44 	Train Loss = 0.54722 Train acc = 0.75440  Val Loss = 0.57350 Val acc = 0.72251 
2022-11-29 16:54:39.724930 Epoch 45 	Train Loss = 0.54472 Train acc = 0.75734  Val Loss = 0.57145 Val acc = 0.72444 
2022-11-29 16:54:40.526640 Epoch 46 	Train Loss = 0.54220 Train acc = 0.76074  Val Loss = 0.56985 Val acc = 0.72618 
2022-11-29 16:54:41.323137 Epoch 47 	Train Loss = 0.53974 Train acc = 0.76332  Val Loss = 0.56827 Val acc = 0.72851 
2022-11-29 16:54:42.118876 Epoch 48 	Train Loss = 0.53728 Train acc = 0.76627  Val Loss = 0.56642 Val acc = 0.73050 
2022-11-29 16:54:42.912171 Epoch 49 	Train Loss = 0.53489 Train acc = 0.76896  Val Loss = 0.56444 Val acc = 0.73285 
2022-11-29 16:54:43.717321 Epoch 50 	Train Loss = 0.53253 Train acc = 0.77151  Val Loss = 0.56286 Val acc = 0.73404 
2022-11-29 16:54:44.520313 Epoch 51 	Train Loss = 0.53018 Train acc = 0.77437  Val Loss = 0.56077 Val acc = 0.73649 
2022-11-29 16:54:45.325761 Epoch 52 	Train Loss = 0.52790 Train acc = 0.77726  Val Loss = 0.55836 Val acc = 0.73840 
2022-11-29 16:54:46.121414 Epoch 53 	Train Loss = 0.52561 Train acc = 0.77965  Val Loss = 0.55748 Val acc = 0.73916 
2022-11-29 16:54:46.917485 Epoch 54 	Train Loss = 0.52339 Train acc = 0.78221  Val Loss = 0.55526 Val acc = 0.74142 
2022-11-29 16:54:47.714211 Epoch 55 	Train Loss = 0.52121 Train acc = 0.78448  Val Loss = 0.55406 Val acc = 0.74350 
2022-11-29 16:54:48.519524 Epoch 56 	Train Loss = 0.51906 Train acc = 0.78693  Val Loss = 0.55163 Val acc = 0.74611 
2022-11-29 16:54:49.320019 Epoch 57 	Train Loss = 0.51695 Train acc = 0.78933  Val Loss = 0.54989 Val acc = 0.74720 
2022-11-29 16:54:50.120321 Epoch 58 	Train Loss = 0.51489 Train acc = 0.79177  Val Loss = 0.54876 Val acc = 0.74914 
2022-11-29 16:54:50.918125 Epoch 59 	Train Loss = 0.51286 Train acc = 0.79414  Val Loss = 0.54806 Val acc = 0.74996 
2022-11-29 16:54:51.717009 Epoch 60 	Train Loss = 0.51085 Train acc = 0.79640  Val Loss = 0.54630 Val acc = 0.75220 
2022-11-29 16:54:52.517289 Epoch 61 	Train Loss = 0.50890 Train acc = 0.79882  Val Loss = 0.54424 Val acc = 0.75380 
2022-11-29 16:54:53.322686 Epoch 62 	Train Loss = 0.50698 Train acc = 0.80127  Val Loss = 0.54219 Val acc = 0.75646 
2022-11-29 16:54:54.130802 Epoch 63 	Train Loss = 0.50513 Train acc = 0.80333  Val Loss = 0.54086 Val acc = 0.75750 
2022-11-29 16:54:54.938363 Epoch 64 	Train Loss = 0.50328 Train acc = 0.80511  Val Loss = 0.53981 Val acc = 0.75902 
2022-11-29 16:54:55.739776 Epoch 65 	Train Loss = 0.50148 Train acc = 0.80671  Val Loss = 0.53783 Val acc = 0.76094 
2022-11-29 16:54:56.540866 Epoch 66 	Train Loss = 0.49972 Train acc = 0.80890  Val Loss = 0.53680 Val acc = 0.76237 
2022-11-29 16:54:57.338396 Epoch 67 	Train Loss = 0.49798 Train acc = 0.81127  Val Loss = 0.53578 Val acc = 0.76366 
2022-11-29 16:54:58.131814 Epoch 68 	Train Loss = 0.49631 Train acc = 0.81330  Val Loss = 0.53412 Val acc = 0.76520 
2022-11-29 16:54:58.932427 Epoch 69 	Train Loss = 0.49465 Train acc = 0.81500  Val Loss = 0.53319 Val acc = 0.76644 
2022-11-29 16:54:59.730876 Epoch 70 	Train Loss = 0.49302 Train acc = 0.81667  Val Loss = 0.53112 Val acc = 0.76850 
2022-11-29 16:55:00.537230 Epoch 71 	Train Loss = 0.49146 Train acc = 0.81813  Val Loss = 0.53143 Val acc = 0.76716 
2022-11-29 16:55:01.338575 Epoch 72 	Train Loss = 0.48990 Train acc = 0.81993  Val Loss = 0.52982 Val acc = 0.76882 
2022-11-29 16:55:02.137864 Epoch 73 	Train Loss = 0.48841 Train acc = 0.82184  Val Loss = 0.52839 Val acc = 0.77027 
2022-11-29 16:55:02.934749 Epoch 74 	Train Loss = 0.48696 Train acc = 0.82352  Val Loss = 0.52613 Val acc = 0.77264 
2022-11-29 16:55:03.732172 Epoch 75 	Train Loss = 0.48552 Train acc = 0.82516  Val Loss = 0.52561 Val acc = 0.77345 
2022-11-29 16:55:04.527214 Epoch 76 	Train Loss = 0.48412 Train acc = 0.82688  Val Loss = 0.52477 Val acc = 0.77485 
2022-11-29 16:55:05.331163 Epoch 77 	Train Loss = 0.48273 Train acc = 0.82839  Val Loss = 0.52286 Val acc = 0.77771 
2022-11-29 16:55:06.125591 Epoch 78 	Train Loss = 0.48140 Train acc = 0.82976  Val Loss = 0.52226 Val acc = 0.77850 
2022-11-29 16:55:06.921756 Epoch 79 	Train Loss = 0.48009 Train acc = 0.83112  Val Loss = 0.52095 Val acc = 0.78004 
2022-11-29 16:55:07.720775 Epoch 80 	Train Loss = 0.47882 Train acc = 0.83245  Val Loss = 0.52009 Val acc = 0.78049 
2022-11-29 16:55:08.517208 Epoch 81 	Train Loss = 0.47759 Train acc = 0.83393  Val Loss = 0.51907 Val acc = 0.78118 
2022-11-29 16:55:09.317700 Epoch 82 	Train Loss = 0.47635 Train acc = 0.83515  Val Loss = 0.51841 Val acc = 0.78113 
2022-11-29 16:55:10.114158 Epoch 83 	Train Loss = 0.47521 Train acc = 0.83647  Val Loss = 0.51766 Val acc = 0.78191 
2022-11-29 16:55:10.907640 Epoch 84 	Train Loss = 0.47405 Train acc = 0.83795  Val Loss = 0.51665 Val acc = 0.78326 
2022-11-29 16:55:11.717766 Epoch 85 	Train Loss = 0.47293 Train acc = 0.83924  Val Loss = 0.51598 Val acc = 0.78426 
2022-11-29 16:55:12.528059 Epoch 86 	Train Loss = 0.47186 Train acc = 0.84018  Val Loss = 0.51469 Val acc = 0.78551 
2022-11-29 16:55:13.336620 Epoch 87 	Train Loss = 0.47077 Train acc = 0.84148  Val Loss = 0.51367 Val acc = 0.78676 
2022-11-29 16:55:14.142187 Epoch 88 	Train Loss = 0.46975 Train acc = 0.84258  Val Loss = 0.51296 Val acc = 0.78815 
2022-11-29 16:55:14.938632 Epoch 89 	Train Loss = 0.46873 Train acc = 0.84373  Val Loss = 0.51314 Val acc = 0.78743 
2022-11-29 16:55:15.730002 Epoch 90 	Train Loss = 0.46773 Train acc = 0.84488  Val Loss = 0.51147 Val acc = 0.78859 
2022-11-29 16:55:16.529426 Epoch 91 	Train Loss = 0.46677 Train acc = 0.84609  Val Loss = 0.51095 Val acc = 0.79018 
2022-11-29 16:55:17.323584 Epoch 92 	Train Loss = 0.46584 Train acc = 0.84679  Val Loss = 0.51017 Val acc = 0.79003 
2022-11-29 16:55:18.117524 Epoch 93 	Train Loss = 0.46490 Train acc = 0.84804  Val Loss = 0.50895 Val acc = 0.79079 
2022-11-29 16:55:18.928052 Epoch 94 	Train Loss = 0.46401 Train acc = 0.84924  Val Loss = 0.50831 Val acc = 0.79078 
2022-11-29 16:55:19.727987 Epoch 95 	Train Loss = 0.46315 Train acc = 0.85052  Val Loss = 0.50815 Val acc = 0.79093 
2022-11-29 16:55:20.550621 Epoch 96 	Train Loss = 0.46232 Train acc = 0.85131  Val Loss = 0.50761 Val acc = 0.79127 
2022-11-29 16:55:21.355565 Epoch 97 	Train Loss = 0.46147 Train acc = 0.85259  Val Loss = 0.50619 Val acc = 0.79328 
2022-11-29 16:55:22.148197 Epoch 98 	Train Loss = 0.46068 Train acc = 0.85331  Val Loss = 0.50608 Val acc = 0.79397 
2022-11-29 16:55:22.938236 Epoch 99 	Train Loss = 0.45989 Train acc = 0.85431  Val Loss = 0.50591 Val acc = 0.79425 
2022-11-29 16:55:23.736568 Epoch 100 	Train Loss = 0.45911 Train acc = 0.85533  Val Loss = 0.50494 Val acc = 0.79456 
2022-11-29 16:55:24.526874 Epoch 101 	Train Loss = 0.45839 Train acc = 0.85613  Val Loss = 0.50392 Val acc = 0.79587 
2022-11-29 16:55:25.325313 Epoch 102 	Train Loss = 0.45764 Train acc = 0.85694  Val Loss = 0.50378 Val acc = 0.79606 
2022-11-29 16:55:26.119291 Epoch 103 	Train Loss = 0.45694 Train acc = 0.85788  Val Loss = 0.50356 Val acc = 0.79590 
2022-11-29 16:55:26.910357 Epoch 104 	Train Loss = 0.45624 Train acc = 0.85868  Val Loss = 0.50249 Val acc = 0.79691 
2022-11-29 16:55:27.703550 Epoch 105 	Train Loss = 0.45555 Train acc = 0.85922  Val Loss = 0.50220 Val acc = 0.79685 
2022-11-29 16:55:28.493745 Epoch 106 	Train Loss = 0.45489 Train acc = 0.85973  Val Loss = 0.50181 Val acc = 0.79660 
2022-11-29 16:55:29.287763 Epoch 107 	Train Loss = 0.45424 Train acc = 0.86052  Val Loss = 0.50169 Val acc = 0.79699 
2022-11-29 16:55:30.082985 Epoch 108 	Train Loss = 0.45362 Train acc = 0.86136  Val Loss = 0.50037 Val acc = 0.79915 
2022-11-29 16:55:30.870331 Epoch 109 	Train Loss = 0.45302 Train acc = 0.86224  Val Loss = 0.50001 Val acc = 0.79930 
2022-11-29 16:55:31.658016 Epoch 110 	Train Loss = 0.45242 Train acc = 0.86313  Val Loss = 0.49985 Val acc = 0.80009 
2022-11-29 16:55:32.444411 Epoch 111 	Train Loss = 0.45186 Train acc = 0.86416  Val Loss = 0.49951 Val acc = 0.79998 
2022-11-29 16:55:33.235292 Epoch 112 	Train Loss = 0.45127 Train acc = 0.86456  Val Loss = 0.49909 Val acc = 0.80073 
2022-11-29 16:55:34.023458 Epoch 113 	Train Loss = 0.45071 Train acc = 0.86490  Val Loss = 0.49808 Val acc = 0.80219 
2022-11-29 16:55:34.811821 Epoch 114 	Train Loss = 0.45016 Train acc = 0.86559  Val Loss = 0.49792 Val acc = 0.80244 
2022-11-29 16:55:35.599655 Epoch 115 	Train Loss = 0.44962 Train acc = 0.86622  Val Loss = 0.49795 Val acc = 0.80149 
2022-11-29 16:55:36.385007 Epoch 116 	Train Loss = 0.44910 Train acc = 0.86674  Val Loss = 0.49759 Val acc = 0.80183 
2022-11-29 16:55:37.171530 Epoch 117 	Train Loss = 0.44862 Train acc = 0.86738  Val Loss = 0.49677 Val acc = 0.80343 
2022-11-29 16:55:37.955714 Epoch 118 	Train Loss = 0.44811 Train acc = 0.86798  Val Loss = 0.49689 Val acc = 0.80368 
2022-11-29 16:55:38.742629 Epoch 119 	Train Loss = 0.44764 Train acc = 0.86849  Val Loss = 0.49603 Val acc = 0.80423 
2022-11-29 16:55:39.535544 Epoch 120 	Train Loss = 0.44717 Train acc = 0.86897  Val Loss = 0.49707 Val acc = 0.80351 
2022-11-29 16:55:40.340471 Epoch 121 	Train Loss = 0.44672 Train acc = 0.86971  Val Loss = 0.49602 Val acc = 0.80466 
2022-11-29 16:55:41.161243 Epoch 122 	Train Loss = 0.44626 Train acc = 0.86978  Val Loss = 0.49561 Val acc = 0.80547 
2022-11-29 16:55:41.993914 Epoch 123 	Train Loss = 0.44582 Train acc = 0.87028  Val Loss = 0.49494 Val acc = 0.80637 
2022-11-29 16:55:42.789184 Epoch 124 	Train Loss = 0.44539 Train acc = 0.87068  Val Loss = 0.49531 Val acc = 0.80551 
2022-11-29 16:55:43.589572 Epoch 125 	Train Loss = 0.44499 Train acc = 0.87116  Val Loss = 0.49454 Val acc = 0.80592 
2022-11-29 16:55:44.398391 Epoch 126 	Train Loss = 0.44457 Train acc = 0.87142  Val Loss = 0.49466 Val acc = 0.80601 
2022-11-29 16:55:45.230527 Epoch 127 	Train Loss = 0.44417 Train acc = 0.87209  Val Loss = 0.49447 Val acc = 0.80686 
2022-11-29 16:55:46.044764 Epoch 128 	Train Loss = 0.44377 Train acc = 0.87233  Val Loss = 0.49413 Val acc = 0.80676 
2022-11-29 16:55:46.847376 Epoch 129 	Train Loss = 0.44341 Train acc = 0.87294  Val Loss = 0.49331 Val acc = 0.80807 
2022-11-29 16:55:47.645026 Epoch 130 	Train Loss = 0.44304 Train acc = 0.87330  Val Loss = 0.49398 Val acc = 0.80709 
2022-11-29 16:55:48.489054 Epoch 131 	Train Loss = 0.44268 Train acc = 0.87363  Val Loss = 0.49385 Val acc = 0.80719 
2022-11-29 16:55:49.279216 Epoch 132 	Train Loss = 0.44230 Train acc = 0.87420  Val Loss = 0.49347 Val acc = 0.80729 
2022-11-29 16:55:50.117975 Epoch 133 	Train Loss = 0.44198 Train acc = 0.87456  Val Loss = 0.49324 Val acc = 0.80800 
2022-11-29 16:55:50.954886 Epoch 134 	Train Loss = 0.44163 Train acc = 0.87502  Val Loss = 0.49277 Val acc = 0.80835 
2022-11-29 16:55:51.800321 Epoch 135 	Train Loss = 0.44129 Train acc = 0.87543  Val Loss = 0.49225 Val acc = 0.80960 
2022-11-29 16:55:52.619782 Epoch 136 	Train Loss = 0.44097 Train acc = 0.87556  Val Loss = 0.49266 Val acc = 0.80949 
2022-11-29 16:55:53.409678 Epoch 137 	Train Loss = 0.44064 Train acc = 0.87591  Val Loss = 0.49190 Val acc = 0.81065 
2022-11-29 16:55:54.188729 Epoch 138 	Train Loss = 0.44033 Train acc = 0.87625  Val Loss = 0.49218 Val acc = 0.81003 
2022-11-29 16:55:54.968314 Epoch 139 	Train Loss = 0.44005 Train acc = 0.87655  Val Loss = 0.49143 Val acc = 0.81115 
2022-11-29 16:55:55.752619 Epoch 140 	Train Loss = 0.43974 Train acc = 0.87699  Val Loss = 0.49237 Val acc = 0.80958 
2022-11-29 16:55:56.543180 Epoch 141 	Train Loss = 0.43945 Train acc = 0.87732  Val Loss = 0.49111 Val acc = 0.81035 
2022-11-29 16:55:57.332231 Epoch 142 	Train Loss = 0.43914 Train acc = 0.87795  Val Loss = 0.49110 Val acc = 0.81030 
2022-11-29 16:55:58.116939 Epoch 143 	Train Loss = 0.43886 Train acc = 0.87820  Val Loss = 0.49119 Val acc = 0.81014 
2022-11-29 16:55:58.903781 Epoch 144 	Train Loss = 0.43858 Train acc = 0.87869  Val Loss = 0.49148 Val acc = 0.81089 
2022-11-29 16:55:59.683626 Epoch 145 	Train Loss = 0.43830 Train acc = 0.87896  Val Loss = 0.49089 Val acc = 0.81164 
2022-11-29 16:56:00.467472 Epoch 146 	Train Loss = 0.43804 Train acc = 0.87932  Val Loss = 0.49156 Val acc = 0.81117 
2022-11-29 16:56:01.256567 Epoch 147 	Train Loss = 0.43778 Train acc = 0.87969  Val Loss = 0.49070 Val acc = 0.81229 
2022-11-29 16:56:02.040169 Epoch 148 	Train Loss = 0.43752 Train acc = 0.88020  Val Loss = 0.49097 Val acc = 0.81143 
2022-11-29 16:56:02.820946 Epoch 149 	Train Loss = 0.43726 Train acc = 0.88061  Val Loss = 0.49084 Val acc = 0.81198 
2022-11-29 16:56:03.606427 Epoch 150 	Train Loss = 0.43701 Train acc = 0.88101  Val Loss = 0.49028 Val acc = 0.81239 
2022-11-29 16:56:04.390365 Epoch 151 	Train Loss = 0.43677 Train acc = 0.88133  Val Loss = 0.49025 Val acc = 0.81249 
2022-11-29 16:56:05.176647 Epoch 152 	Train Loss = 0.43651 Train acc = 0.88166  Val Loss = 0.49132 Val acc = 0.81096 
2022-11-29 16:56:05.958593 Epoch 153 	Train Loss = 0.43629 Train acc = 0.88188  Val Loss = 0.49013 Val acc = 0.81249 
2022-11-29 16:56:06.743463 Epoch 154 	Train Loss = 0.43605 Train acc = 0.88233  Val Loss = 0.49015 Val acc = 0.81229 
2022-11-29 16:56:07.530662 Epoch 155 	Train Loss = 0.43585 Train acc = 0.88234  Val Loss = 0.49025 Val acc = 0.81253 
2022-11-29 16:56:08.329145 Epoch 156 	Train Loss = 0.43562 Train acc = 0.88291  Val Loss = 0.48998 Val acc = 0.81273 
2022-11-29 16:56:09.117925 Epoch 157 	Train Loss = 0.43540 Train acc = 0.88312  Val Loss = 0.49054 Val acc = 0.81212 
2022-11-29 16:56:09.900876 Epoch 158 	Train Loss = 0.43517 Train acc = 0.88328  Val Loss = 0.48969 Val acc = 0.81279 
2022-11-29 16:56:10.685316 Epoch 159 	Train Loss = 0.43494 Train acc = 0.88364  Val Loss = 0.48983 Val acc = 0.81263 
2022-11-29 16:56:11.465152 Epoch 160 	Train Loss = 0.43475 Train acc = 0.88377  Val Loss = 0.49025 Val acc = 0.81173 
2022-11-29 16:56:12.249034 Epoch 161 	Train Loss = 0.43452 Train acc = 0.88403  Val Loss = 0.49005 Val acc = 0.81228 
2022-11-29 16:56:13.032265 Epoch 162 	Train Loss = 0.43434 Train acc = 0.88432  Val Loss = 0.49023 Val acc = 0.81162 
2022-11-29 16:56:13.821652 Epoch 163 	Train Loss = 0.43414 Train acc = 0.88451  Val Loss = 0.48920 Val acc = 0.81324 
2022-11-29 16:56:14.600393 Epoch 164 	Train Loss = 0.43392 Train acc = 0.88473  Val Loss = 0.48903 Val acc = 0.81379 
2022-11-29 16:56:15.383104 Epoch 165 	Train Loss = 0.43373 Train acc = 0.88514  Val Loss = 0.48942 Val acc = 0.81333 
2022-11-29 16:56:16.167327 Epoch 166 	Train Loss = 0.43354 Train acc = 0.88533  Val Loss = 0.48982 Val acc = 0.81298 
2022-11-29 16:56:16.947750 Epoch 167 	Train Loss = 0.43336 Train acc = 0.88554  Val Loss = 0.48952 Val acc = 0.81293 
2022-11-29 16:56:17.729095 Epoch 168 	Train Loss = 0.43316 Train acc = 0.88565  Val Loss = 0.48980 Val acc = 0.81268 
2022-11-29 16:56:18.512450 Epoch 169 	Train Loss = 0.43300 Train acc = 0.88571  Val Loss = 0.48910 Val acc = 0.81319 
2022-11-29 16:56:19.295793 Epoch 170 	Train Loss = 0.43279 Train acc = 0.88615  Val Loss = 0.48943 Val acc = 0.81278 
2022-11-29 16:56:20.078776 Epoch 171 	Train Loss = 0.43260 Train acc = 0.88629  Val Loss = 0.48971 Val acc = 0.81268 
2022-11-29 16:56:20.859818 Epoch 172 	Train Loss = 0.43242 Train acc = 0.88662  Val Loss = 0.48862 Val acc = 0.81419 
2022-11-29 16:56:21.646401 Epoch 173 	Train Loss = 0.43226 Train acc = 0.88670  Val Loss = 0.48919 Val acc = 0.81353 
2022-11-29 16:56:22.434563 Epoch 174 	Train Loss = 0.43209 Train acc = 0.88695  Val Loss = 0.48969 Val acc = 0.81322 
2022-11-29 16:56:23.219898 Epoch 175 	Train Loss = 0.43188 Train acc = 0.88708  Val Loss = 0.48949 Val acc = 0.81367 
2022-11-29 16:56:24.002418 Epoch 176 	Train Loss = 0.43174 Train acc = 0.88731  Val Loss = 0.48914 Val acc = 0.81383 
2022-11-29 16:56:24.786521 Epoch 177 	Train Loss = 0.43156 Train acc = 0.88759  Val Loss = 0.48916 Val acc = 0.81373 
2022-11-29 16:56:25.571669 Epoch 178 	Train Loss = 0.43139 Train acc = 0.88783  Val Loss = 0.48937 Val acc = 0.81337 
2022-11-29 16:56:26.360373 Epoch 179 	Train Loss = 0.43123 Train acc = 0.88813  Val Loss = 0.48943 Val acc = 0.81332 
2022-11-29 16:56:27.143022 Epoch 180 	Train Loss = 0.43106 Train acc = 0.88835  Val Loss = 0.48925 Val acc = 0.81343 
2022-11-29 16:56:27.922587 Epoch 181 	Train Loss = 0.43089 Train acc = 0.88845  Val Loss = 0.48909 Val acc = 0.81363 
2022-11-29 16:56:28.710292 Epoch 182 	Train Loss = 0.43072 Train acc = 0.88869  Val Loss = 0.48922 Val acc = 0.81363 
2022-11-29 16:56:29.496781 Epoch 183 	Train Loss = 0.43055 Train acc = 0.88891  Val Loss = 0.48940 Val acc = 0.81312 
2022-11-29 16:56:30.286318 Epoch 184 	Train Loss = 0.43041 Train acc = 0.88927  Val Loss = 0.48914 Val acc = 0.81373 
2022-11-29 16:56:31.070833 Epoch 185 	Train Loss = 0.43026 Train acc = 0.88925  Val Loss = 0.48893 Val acc = 0.81394 
2022-11-29 16:56:31.857644 Epoch 186 	Train Loss = 0.43010 Train acc = 0.88949  Val Loss = 0.48863 Val acc = 0.81384 
2022-11-29 16:56:32.640707 Epoch 187 	Train Loss = 0.42994 Train acc = 0.88921  Val Loss = 0.48917 Val acc = 0.81313 
2022-11-29 16:56:33.431213 Epoch 188 	Train Loss = 0.42978 Train acc = 0.88950  Val Loss = 0.49030 Val acc = 0.81196 
2022-11-29 16:56:34.211663 Epoch 189 	Train Loss = 0.42962 Train acc = 0.88968  Val Loss = 0.48893 Val acc = 0.81323 
2022-11-29 16:56:34.995980 Epoch 190 	Train Loss = 0.42949 Train acc = 0.88979  Val Loss = 0.48890 Val acc = 0.81338 
2022-11-29 16:56:35.781111 Epoch 191 	Train Loss = 0.42933 Train acc = 0.89002  Val Loss = 0.48922 Val acc = 0.81278 
2022-11-29 16:56:36.559312 Epoch 192 	Train Loss = 0.42920 Train acc = 0.89040  Val Loss = 0.48902 Val acc = 0.81289 
2022-11-29 16:56:37.338926 Epoch 193 	Train Loss = 0.42904 Train acc = 0.89033  Val Loss = 0.48939 Val acc = 0.81268 
2022-11-29 16:56:38.118432 Epoch 194 	Train Loss = 0.42890 Train acc = 0.89067  Val Loss = 0.48891 Val acc = 0.81303 
2022-11-29 16:56:38.905409 Epoch 195 	Train Loss = 0.42877 Train acc = 0.89078  Val Loss = 0.48863 Val acc = 0.81384 
2022-11-29 16:56:39.689159 Epoch 196 	Train Loss = 0.42861 Train acc = 0.89094  Val Loss = 0.48919 Val acc = 0.81308 
2022-11-29 16:56:40.471307 Epoch 197 	Train Loss = 0.42847 Train acc = 0.89107  Val Loss = 0.48978 Val acc = 0.81282 
2022-11-29 16:56:41.250074 Epoch 198 	Train Loss = 0.42834 Train acc = 0.89140  Val Loss = 0.48865 Val acc = 0.81344 
2022-11-29 16:56:42.033690 Epoch 199 	Train Loss = 0.42820 Train acc = 0.89172  Val Loss = 0.48906 Val acc = 0.81283 
2022-11-29 16:56:42.816528 Epoch 200 	Train Loss = 0.42810 Train acc = 0.89165  Val Loss = 0.48948 Val acc = 0.81202 
2022-11-29 16:56:43.604050 Epoch 201 	Train Loss = 0.42791 Train acc = 0.89192  Val Loss = 0.48919 Val acc = 0.81273 
2022-11-29 16:56:44.384641 Epoch 202 	Train Loss = 0.42780 Train acc = 0.89222  Val Loss = 0.48934 Val acc = 0.81148 
Early stopping at epoch: 202
Best at epoch 172:
Train Loss = 0.43242 Train acc = 0.88662 
Val Loss = 0.48862 Val acc = 0.81419 
Test Loss = 0.56317 Test acc = 0.73782 
