2022-12-06 11:06:26.538789 Epoch 1 	Train Loss = 0.64723 Train acc = 0.65948  Val Loss = 0.62992 Val acc = 0.71544 
2022-12-06 11:06:27.349885 Epoch 2 	Train Loss = 0.61263 Train acc = 0.76327  Val Loss = 0.60129 Val acc = 0.78690 
2022-12-06 11:06:28.158996 Epoch 3 	Train Loss = 0.58878 Train acc = 0.79465  Val Loss = 0.58195 Val acc = 0.79074 
2022-12-06 11:06:28.959155 Epoch 4 	Train Loss = 0.57228 Train acc = 0.79639  Val Loss = 0.56832 Val acc = 0.79084 
2022-12-06 11:06:29.756296 Epoch 5 	Train Loss = 0.56020 Train acc = 0.79639  Val Loss = 0.55812 Val acc = 0.79088 
2022-12-06 11:06:30.553534 Epoch 6 	Train Loss = 0.55092 Train acc = 0.79639  Val Loss = 0.55033 Val acc = 0.79085 
2022-12-06 11:06:31.365662 Epoch 7 	Train Loss = 0.54374 Train acc = 0.79628  Val Loss = 0.54428 Val acc = 0.79085 
2022-12-06 11:06:32.171901 Epoch 8 	Train Loss = 0.53805 Train acc = 0.79634  Val Loss = 0.53957 Val acc = 0.79086 
2022-12-06 11:06:32.997964 Epoch 9 	Train Loss = 0.53356 Train acc = 0.79634  Val Loss = 0.53589 Val acc = 0.79082 
2022-12-06 11:06:33.822102 Epoch 10 	Train Loss = 0.53002 Train acc = 0.79628  Val Loss = 0.53295 Val acc = 0.79086 
2022-12-06 11:06:34.627231 Epoch 11 	Train Loss = 0.52701 Train acc = 0.79649  Val Loss = 0.53067 Val acc = 0.79083 
2022-12-06 11:06:35.514319 Epoch 12 	Train Loss = 0.52504 Train acc = 0.79613  Val Loss = 0.52884 Val acc = 0.79085 
2022-12-06 11:06:36.335890 Epoch 13 	Train Loss = 0.52307 Train acc = 0.79628  Val Loss = 0.52742 Val acc = 0.79079 
2022-12-06 11:06:37.153227 Epoch 14 	Train Loss = 0.52149 Train acc = 0.79639  Val Loss = 0.52615 Val acc = 0.79086 
2022-12-06 11:06:37.964400 Epoch 15 	Train Loss = 0.52030 Train acc = 0.79628  Val Loss = 0.52515 Val acc = 0.79083 
2022-12-06 11:06:38.766095 Epoch 16 	Train Loss = 0.51911 Train acc = 0.79639  Val Loss = 0.52428 Val acc = 0.79080 
2022-12-06 11:06:39.581287 Epoch 17 	Train Loss = 0.51817 Train acc = 0.79638  Val Loss = 0.52342 Val acc = 0.79085 
2022-12-06 11:06:40.379227 Epoch 18 	Train Loss = 0.51722 Train acc = 0.79657  Val Loss = 0.52267 Val acc = 0.79136 
2022-12-06 11:06:41.184500 Epoch 19 	Train Loss = 0.51636 Train acc = 0.79696  Val Loss = 0.52200 Val acc = 0.79140 
2022-12-06 11:06:42.013188 Epoch 20 	Train Loss = 0.51556 Train acc = 0.79727  Val Loss = 0.52124 Val acc = 0.79175 
2022-12-06 11:06:42.857858 Epoch 21 	Train Loss = 0.51462 Train acc = 0.79755  Val Loss = 0.52055 Val acc = 0.79232 
2022-12-06 11:06:43.664272 Epoch 22 	Train Loss = 0.51379 Train acc = 0.79785  Val Loss = 0.51982 Val acc = 0.79295 
2022-12-06 11:06:44.475087 Epoch 23 	Train Loss = 0.51300 Train acc = 0.79822  Val Loss = 0.51909 Val acc = 0.79396 
2022-12-06 11:06:45.284843 Epoch 24 	Train Loss = 0.51195 Train acc = 0.79894  Val Loss = 0.51842 Val acc = 0.79443 
2022-12-06 11:06:46.093570 Epoch 25 	Train Loss = 0.51109 Train acc = 0.80001  Val Loss = 0.51771 Val acc = 0.79592 
2022-12-06 11:06:46.888775 Epoch 26 	Train Loss = 0.51015 Train acc = 0.80117  Val Loss = 0.51699 Val acc = 0.79595 
2022-12-06 11:06:47.689742 Epoch 27 	Train Loss = 0.50915 Train acc = 0.80213  Val Loss = 0.51628 Val acc = 0.79634 
2022-12-06 11:06:48.493801 Epoch 28 	Train Loss = 0.50834 Train acc = 0.80270  Val Loss = 0.51558 Val acc = 0.79735 
2022-12-06 11:06:49.272447 Epoch 29 	Train Loss = 0.50723 Train acc = 0.80383  Val Loss = 0.51487 Val acc = 0.79856 
2022-12-06 11:06:50.078064 Epoch 30 	Train Loss = 0.50649 Train acc = 0.80468  Val Loss = 0.51421 Val acc = 0.79996 
2022-12-06 11:06:50.883301 Epoch 31 	Train Loss = 0.50540 Train acc = 0.80556  Val Loss = 0.51353 Val acc = 0.80096 
2022-12-06 11:06:51.692983 Epoch 32 	Train Loss = 0.50442 Train acc = 0.80669  Val Loss = 0.51284 Val acc = 0.80126 
2022-12-06 11:06:52.515904 Epoch 33 	Train Loss = 0.50355 Train acc = 0.80748  Val Loss = 0.51213 Val acc = 0.80140 
2022-12-06 11:06:53.337969 Epoch 34 	Train Loss = 0.50260 Train acc = 0.80819  Val Loss = 0.51148 Val acc = 0.80237 
2022-12-06 11:06:54.154782 Epoch 35 	Train Loss = 0.50167 Train acc = 0.80931  Val Loss = 0.51087 Val acc = 0.80292 
2022-12-06 11:06:54.969851 Epoch 36 	Train Loss = 0.50082 Train acc = 0.81043  Val Loss = 0.51018 Val acc = 0.80358 
2022-12-06 11:06:55.773340 Epoch 37 	Train Loss = 0.49967 Train acc = 0.81151  Val Loss = 0.50955 Val acc = 0.80365 
2022-12-06 11:06:56.574848 Epoch 38 	Train Loss = 0.49877 Train acc = 0.81206  Val Loss = 0.50892 Val acc = 0.80395 
2022-12-06 11:06:57.397691 Epoch 39 	Train Loss = 0.49797 Train acc = 0.81313  Val Loss = 0.50827 Val acc = 0.80426 
2022-12-06 11:06:58.222802 Epoch 40 	Train Loss = 0.49715 Train acc = 0.81386  Val Loss = 0.50768 Val acc = 0.80547 
2022-12-06 11:06:59.333146 Epoch 41 	Train Loss = 0.49631 Train acc = 0.81450  Val Loss = 0.50698 Val acc = 0.80588 
2022-12-06 11:07:00.189199 Epoch 42 	Train Loss = 0.49542 Train acc = 0.81518  Val Loss = 0.50645 Val acc = 0.80663 
2022-12-06 11:07:01.015167 Epoch 43 	Train Loss = 0.49458 Train acc = 0.81594  Val Loss = 0.50591 Val acc = 0.80639 
2022-12-06 11:07:01.818209 Epoch 44 	Train Loss = 0.49371 Train acc = 0.81685  Val Loss = 0.50535 Val acc = 0.80617 
2022-12-06 11:07:02.621975 Epoch 45 	Train Loss = 0.49290 Train acc = 0.81755  Val Loss = 0.50477 Val acc = 0.80651 
2022-12-06 11:07:03.432358 Epoch 46 	Train Loss = 0.49217 Train acc = 0.81856  Val Loss = 0.50425 Val acc = 0.80699 
2022-12-06 11:07:04.227543 Epoch 47 	Train Loss = 0.49135 Train acc = 0.81930  Val Loss = 0.50376 Val acc = 0.80746 
2022-12-06 11:07:05.033090 Epoch 48 	Train Loss = 0.49076 Train acc = 0.81998  Val Loss = 0.50318 Val acc = 0.80863 
2022-12-06 11:07:05.839740 Epoch 49 	Train Loss = 0.48995 Train acc = 0.82085  Val Loss = 0.50272 Val acc = 0.80929 
2022-12-06 11:07:06.641736 Epoch 50 	Train Loss = 0.48925 Train acc = 0.82165  Val Loss = 0.50221 Val acc = 0.80960 
2022-12-06 11:07:07.451678 Epoch 51 	Train Loss = 0.48854 Train acc = 0.82239  Val Loss = 0.50179 Val acc = 0.80976 
2022-12-06 11:07:08.271652 Epoch 52 	Train Loss = 0.48793 Train acc = 0.82306  Val Loss = 0.50133 Val acc = 0.81036 
2022-12-06 11:07:09.076510 Epoch 53 	Train Loss = 0.48716 Train acc = 0.82368  Val Loss = 0.50084 Val acc = 0.81043 
2022-12-06 11:07:09.884143 Epoch 54 	Train Loss = 0.48655 Train acc = 0.82425  Val Loss = 0.50043 Val acc = 0.81090 
2022-12-06 11:07:10.718633 Epoch 55 	Train Loss = 0.48599 Train acc = 0.82487  Val Loss = 0.50009 Val acc = 0.81105 
2022-12-06 11:07:11.518412 Epoch 56 	Train Loss = 0.48540 Train acc = 0.82548  Val Loss = 0.49967 Val acc = 0.81142 
2022-12-06 11:07:12.324187 Epoch 57 	Train Loss = 0.48484 Train acc = 0.82606  Val Loss = 0.49926 Val acc = 0.81125 
2022-12-06 11:07:13.131379 Epoch 58 	Train Loss = 0.48426 Train acc = 0.82620  Val Loss = 0.49895 Val acc = 0.81170 
2022-12-06 11:07:13.931680 Epoch 59 	Train Loss = 0.48367 Train acc = 0.82667  Val Loss = 0.49866 Val acc = 0.81172 
2022-12-06 11:07:14.756874 Epoch 60 	Train Loss = 0.48328 Train acc = 0.82723  Val Loss = 0.49833 Val acc = 0.81224 
2022-12-06 11:07:15.558862 Epoch 61 	Train Loss = 0.48253 Train acc = 0.82803  Val Loss = 0.49794 Val acc = 0.81224 
2022-12-06 11:07:16.364272 Epoch 62 	Train Loss = 0.48213 Train acc = 0.82814  Val Loss = 0.49762 Val acc = 0.81223 
2022-12-06 11:07:17.186815 Epoch 63 	Train Loss = 0.48145 Train acc = 0.82901  Val Loss = 0.49734 Val acc = 0.81190 
2022-12-06 11:07:18.008479 Epoch 64 	Train Loss = 0.48109 Train acc = 0.82922  Val Loss = 0.49703 Val acc = 0.81202 
2022-12-06 11:07:18.828165 Epoch 65 	Train Loss = 0.48048 Train acc = 0.82987  Val Loss = 0.49680 Val acc = 0.81220 
2022-12-06 11:07:19.647629 Epoch 66 	Train Loss = 0.48013 Train acc = 0.82995  Val Loss = 0.49652 Val acc = 0.81231 
2022-12-06 11:07:20.489488 Epoch 67 	Train Loss = 0.47968 Train acc = 0.83046  Val Loss = 0.49622 Val acc = 0.81234 
2022-12-06 11:07:21.332884 Epoch 68 	Train Loss = 0.47914 Train acc = 0.83086  Val Loss = 0.49601 Val acc = 0.81219 
2022-12-06 11:07:22.164297 Epoch 69 	Train Loss = 0.47879 Train acc = 0.83127  Val Loss = 0.49576 Val acc = 0.81250 
2022-12-06 11:07:23.007727 Epoch 70 	Train Loss = 0.47831 Train acc = 0.83190  Val Loss = 0.49555 Val acc = 0.81279 
2022-12-06 11:07:23.844691 Epoch 71 	Train Loss = 0.47787 Train acc = 0.83245  Val Loss = 0.49533 Val acc = 0.81367 
2022-12-06 11:07:24.674099 Epoch 72 	Train Loss = 0.47752 Train acc = 0.83282  Val Loss = 0.49508 Val acc = 0.81370 
2022-12-06 11:07:25.528943 Epoch 73 	Train Loss = 0.47713 Train acc = 0.83309  Val Loss = 0.49485 Val acc = 0.81393 
2022-12-06 11:07:26.343093 Epoch 74 	Train Loss = 0.47680 Train acc = 0.83354  Val Loss = 0.49469 Val acc = 0.81466 
2022-12-06 11:07:27.151829 Epoch 75 	Train Loss = 0.47637 Train acc = 0.83400  Val Loss = 0.49444 Val acc = 0.81482 
2022-12-06 11:07:28.004955 Epoch 76 	Train Loss = 0.47605 Train acc = 0.83441  Val Loss = 0.49426 Val acc = 0.81471 
2022-12-06 11:07:28.819882 Epoch 77 	Train Loss = 0.47557 Train acc = 0.83488  Val Loss = 0.49406 Val acc = 0.81452 
2022-12-06 11:07:29.630256 Epoch 78 	Train Loss = 0.47542 Train acc = 0.83504  Val Loss = 0.49391 Val acc = 0.81481 
2022-12-06 11:07:30.429873 Epoch 79 	Train Loss = 0.47504 Train acc = 0.83568  Val Loss = 0.49375 Val acc = 0.81528 
2022-12-06 11:07:31.227962 Epoch 80 	Train Loss = 0.47461 Train acc = 0.83601  Val Loss = 0.49359 Val acc = 0.81567 
2022-12-06 11:07:32.018612 Epoch 81 	Train Loss = 0.47427 Train acc = 0.83657  Val Loss = 0.49338 Val acc = 0.81662 
2022-12-06 11:07:32.822874 Epoch 82 	Train Loss = 0.47393 Train acc = 0.83696  Val Loss = 0.49324 Val acc = 0.81681 
2022-12-06 11:07:33.628759 Epoch 83 	Train Loss = 0.47367 Train acc = 0.83724  Val Loss = 0.49310 Val acc = 0.81660 
2022-12-06 11:07:34.427829 Epoch 84 	Train Loss = 0.47331 Train acc = 0.83778  Val Loss = 0.49293 Val acc = 0.81705 
2022-12-06 11:07:35.231255 Epoch 85 	Train Loss = 0.47302 Train acc = 0.83795  Val Loss = 0.49287 Val acc = 0.81716 
2022-12-06 11:07:36.029744 Epoch 86 	Train Loss = 0.47283 Train acc = 0.83804  Val Loss = 0.49271 Val acc = 0.81691 
2022-12-06 11:07:36.859912 Epoch 87 	Train Loss = 0.47257 Train acc = 0.83839  Val Loss = 0.49260 Val acc = 0.81691 
2022-12-06 11:07:37.669649 Epoch 88 	Train Loss = 0.47219 Train acc = 0.83891  Val Loss = 0.49249 Val acc = 0.81689 
2022-12-06 11:07:38.469340 Epoch 89 	Train Loss = 0.47193 Train acc = 0.83915  Val Loss = 0.49238 Val acc = 0.81692 
2022-12-06 11:07:39.260711 Epoch 90 	Train Loss = 0.47166 Train acc = 0.83947  Val Loss = 0.49230 Val acc = 0.81719 
2022-12-06 11:07:40.053004 Epoch 91 	Train Loss = 0.47140 Train acc = 0.83976  Val Loss = 0.49218 Val acc = 0.81734 
2022-12-06 11:07:40.860476 Epoch 92 	Train Loss = 0.47114 Train acc = 0.83985  Val Loss = 0.49213 Val acc = 0.81719 
2022-12-06 11:07:41.646376 Epoch 93 	Train Loss = 0.47088 Train acc = 0.84030  Val Loss = 0.49206 Val acc = 0.81717 
2022-12-06 11:07:42.470634 Epoch 94 	Train Loss = 0.47073 Train acc = 0.84063  Val Loss = 0.49195 Val acc = 0.81732 
2022-12-06 11:07:43.265258 Epoch 95 	Train Loss = 0.47043 Train acc = 0.84095  Val Loss = 0.49192 Val acc = 0.81767 
2022-12-06 11:07:44.050955 Epoch 96 	Train Loss = 0.47011 Train acc = 0.84124  Val Loss = 0.49181 Val acc = 0.81750 
2022-12-06 11:07:44.849461 Epoch 97 	Train Loss = 0.46987 Train acc = 0.84145  Val Loss = 0.49175 Val acc = 0.81731 
2022-12-06 11:07:45.654391 Epoch 98 	Train Loss = 0.46970 Train acc = 0.84167  Val Loss = 0.49170 Val acc = 0.81680 
2022-12-06 11:07:46.451917 Epoch 99 	Train Loss = 0.46947 Train acc = 0.84190  Val Loss = 0.49167 Val acc = 0.81686 
2022-12-06 11:07:47.253461 Epoch 100 	Train Loss = 0.46930 Train acc = 0.84195  Val Loss = 0.49155 Val acc = 0.81662 
2022-12-06 11:07:48.055273 Epoch 101 	Train Loss = 0.46898 Train acc = 0.84250  Val Loss = 0.49149 Val acc = 0.81654 
2022-12-06 11:07:48.862037 Epoch 102 	Train Loss = 0.46884 Train acc = 0.84276  Val Loss = 0.49149 Val acc = 0.81645 
2022-12-06 11:07:49.655916 Epoch 103 	Train Loss = 0.46865 Train acc = 0.84270  Val Loss = 0.49144 Val acc = 0.81608 
2022-12-06 11:07:50.456907 Epoch 104 	Train Loss = 0.46844 Train acc = 0.84304  Val Loss = 0.49138 Val acc = 0.81600 
2022-12-06 11:07:51.251037 Epoch 105 	Train Loss = 0.46812 Train acc = 0.84318  Val Loss = 0.49134 Val acc = 0.81609 
2022-12-06 11:07:52.058797 Epoch 106 	Train Loss = 0.46793 Train acc = 0.84358  Val Loss = 0.49136 Val acc = 0.81614 
2022-12-06 11:07:52.858623 Epoch 107 	Train Loss = 0.46781 Train acc = 0.84360  Val Loss = 0.49128 Val acc = 0.81608 
2022-12-06 11:07:53.658772 Epoch 108 	Train Loss = 0.46763 Train acc = 0.84360  Val Loss = 0.49124 Val acc = 0.81607 
2022-12-06 11:07:54.451187 Epoch 109 	Train Loss = 0.46731 Train acc = 0.84419  Val Loss = 0.49119 Val acc = 0.81600 
2022-12-06 11:07:55.248075 Epoch 110 	Train Loss = 0.46719 Train acc = 0.84434  Val Loss = 0.49116 Val acc = 0.81619 
2022-12-06 11:07:56.035858 Epoch 111 	Train Loss = 0.46695 Train acc = 0.84469  Val Loss = 0.49111 Val acc = 0.81600 
2022-12-06 11:07:56.840107 Epoch 112 	Train Loss = 0.46683 Train acc = 0.84484  Val Loss = 0.49105 Val acc = 0.81612 
2022-12-06 11:07:57.643473 Epoch 113 	Train Loss = 0.46665 Train acc = 0.84489  Val Loss = 0.49107 Val acc = 0.81635 
2022-12-06 11:07:58.453385 Epoch 114 	Train Loss = 0.46660 Train acc = 0.84503  Val Loss = 0.49098 Val acc = 0.81644 
2022-12-06 11:07:59.250803 Epoch 115 	Train Loss = 0.46629 Train acc = 0.84529  Val Loss = 0.49102 Val acc = 0.81615 
2022-12-06 11:08:00.052756 Epoch 116 	Train Loss = 0.46623 Train acc = 0.84534  Val Loss = 0.49092 Val acc = 0.81622 
2022-12-06 11:08:00.847313 Epoch 117 	Train Loss = 0.46604 Train acc = 0.84547  Val Loss = 0.49092 Val acc = 0.81641 
2022-12-06 11:08:01.648583 Epoch 118 	Train Loss = 0.46578 Train acc = 0.84569  Val Loss = 0.49096 Val acc = 0.81615 
2022-12-06 11:08:02.446253 Epoch 119 	Train Loss = 0.46559 Train acc = 0.84589  Val Loss = 0.49084 Val acc = 0.81613 
2022-12-06 11:08:03.248713 Epoch 120 	Train Loss = 0.46557 Train acc = 0.84601  Val Loss = 0.49091 Val acc = 0.81626 
2022-12-06 11:08:04.042259 Epoch 121 	Train Loss = 0.46536 Train acc = 0.84627  Val Loss = 0.49080 Val acc = 0.81615 
2022-12-06 11:08:04.839202 Epoch 122 	Train Loss = 0.46518 Train acc = 0.84660  Val Loss = 0.49089 Val acc = 0.81586 
2022-12-06 11:08:05.624169 Epoch 123 	Train Loss = 0.46511 Train acc = 0.84669  Val Loss = 0.49081 Val acc = 0.81640 
2022-12-06 11:08:06.416730 Epoch 124 	Train Loss = 0.46499 Train acc = 0.84689  Val Loss = 0.49078 Val acc = 0.81631 
2022-12-06 11:08:07.214939 Epoch 125 	Train Loss = 0.46476 Train acc = 0.84715  Val Loss = 0.49073 Val acc = 0.81613 
2022-12-06 11:08:08.010233 Epoch 126 	Train Loss = 0.46464 Train acc = 0.84727  Val Loss = 0.49075 Val acc = 0.81607 
2022-12-06 11:08:08.803370 Epoch 127 	Train Loss = 0.46450 Train acc = 0.84756  Val Loss = 0.49071 Val acc = 0.81600 
2022-12-06 11:08:09.599647 Epoch 128 	Train Loss = 0.46423 Train acc = 0.84776  Val Loss = 0.49073 Val acc = 0.81587 
2022-12-06 11:08:10.400754 Epoch 129 	Train Loss = 0.46415 Train acc = 0.84786  Val Loss = 0.49069 Val acc = 0.81578 
2022-12-06 11:08:11.205594 Epoch 130 	Train Loss = 0.46402 Train acc = 0.84801  Val Loss = 0.49071 Val acc = 0.81586 
2022-12-06 11:08:12.004359 Epoch 131 	Train Loss = 0.46392 Train acc = 0.84804  Val Loss = 0.49068 Val acc = 0.81558 
2022-12-06 11:08:12.812558 Epoch 132 	Train Loss = 0.46368 Train acc = 0.84836  Val Loss = 0.49069 Val acc = 0.81579 
2022-12-06 11:08:13.613983 Epoch 133 	Train Loss = 0.46361 Train acc = 0.84854  Val Loss = 0.49064 Val acc = 0.81591 
2022-12-06 11:08:14.406034 Epoch 134 	Train Loss = 0.46358 Train acc = 0.84850  Val Loss = 0.49066 Val acc = 0.81600 
2022-12-06 11:08:15.197388 Epoch 135 	Train Loss = 0.46349 Train acc = 0.84881  Val Loss = 0.49066 Val acc = 0.81606 
2022-12-06 11:08:15.995996 Epoch 136 	Train Loss = 0.46343 Train acc = 0.84882  Val Loss = 0.49066 Val acc = 0.81624 
2022-12-06 11:08:16.791784 Epoch 137 	Train Loss = 0.46310 Train acc = 0.84922  Val Loss = 0.49060 Val acc = 0.81660 
2022-12-06 11:08:17.586795 Epoch 138 	Train Loss = 0.46306 Train acc = 0.84915  Val Loss = 0.49063 Val acc = 0.81647 
2022-12-06 11:08:18.387624 Epoch 139 	Train Loss = 0.46285 Train acc = 0.84952  Val Loss = 0.49060 Val acc = 0.81630 
2022-12-06 11:08:19.187819 Epoch 140 	Train Loss = 0.46297 Train acc = 0.84931  Val Loss = 0.49065 Val acc = 0.81594 
2022-12-06 11:08:19.990023 Epoch 141 	Train Loss = 0.46262 Train acc = 0.84972  Val Loss = 0.49059 Val acc = 0.81596 
2022-12-06 11:08:20.794369 Epoch 142 	Train Loss = 0.46250 Train acc = 0.84985  Val Loss = 0.49056 Val acc = 0.81599 
2022-12-06 11:08:21.590126 Epoch 143 	Train Loss = 0.46251 Train acc = 0.84970  Val Loss = 0.49049 Val acc = 0.81613 
2022-12-06 11:08:22.375521 Epoch 144 	Train Loss = 0.46224 Train acc = 0.85008  Val Loss = 0.49053 Val acc = 0.81620 
2022-12-06 11:08:23.178643 Epoch 145 	Train Loss = 0.46221 Train acc = 0.85002  Val Loss = 0.49052 Val acc = 0.81627 
2022-12-06 11:08:23.981697 Epoch 146 	Train Loss = 0.46196 Train acc = 0.85027  Val Loss = 0.49049 Val acc = 0.81600 
2022-12-06 11:08:24.779931 Epoch 147 	Train Loss = 0.46199 Train acc = 0.85035  Val Loss = 0.49045 Val acc = 0.81612 
2022-12-06 11:08:25.572795 Epoch 148 	Train Loss = 0.46190 Train acc = 0.85028  Val Loss = 0.49046 Val acc = 0.81652 
2022-12-06 11:08:26.356272 Epoch 149 	Train Loss = 0.46176 Train acc = 0.85065  Val Loss = 0.49047 Val acc = 0.81671 
2022-12-06 11:08:27.150225 Epoch 150 	Train Loss = 0.46161 Train acc = 0.85089  Val Loss = 0.49050 Val acc = 0.81645 
2022-12-06 11:08:27.968223 Epoch 151 	Train Loss = 0.46161 Train acc = 0.85079  Val Loss = 0.49045 Val acc = 0.81661 
2022-12-06 11:08:28.764840 Epoch 152 	Train Loss = 0.46134 Train acc = 0.85117  Val Loss = 0.49047 Val acc = 0.81637 
2022-12-06 11:08:29.558182 Epoch 153 	Train Loss = 0.46136 Train acc = 0.85134  Val Loss = 0.49045 Val acc = 0.81637 
2022-12-06 11:08:30.349100 Epoch 154 	Train Loss = 0.46114 Train acc = 0.85151  Val Loss = 0.49041 Val acc = 0.81641 
2022-12-06 11:08:31.155755 Epoch 155 	Train Loss = 0.46106 Train acc = 0.85175  Val Loss = 0.49040 Val acc = 0.81633 
2022-12-06 11:08:31.944519 Epoch 156 	Train Loss = 0.46094 Train acc = 0.85187  Val Loss = 0.49053 Val acc = 0.81660 
2022-12-06 11:08:32.736984 Epoch 157 	Train Loss = 0.46094 Train acc = 0.85192  Val Loss = 0.49042 Val acc = 0.81667 
2022-12-06 11:08:33.536513 Epoch 158 	Train Loss = 0.46071 Train acc = 0.85210  Val Loss = 0.49045 Val acc = 0.81636 
2022-12-06 11:08:34.325663 Epoch 159 	Train Loss = 0.46069 Train acc = 0.85223  Val Loss = 0.49039 Val acc = 0.81642 
2022-12-06 11:08:35.121574 Epoch 160 	Train Loss = 0.46057 Train acc = 0.85235  Val Loss = 0.49043 Val acc = 0.81615 
2022-12-06 11:08:35.922111 Epoch 161 	Train Loss = 0.46063 Train acc = 0.85235  Val Loss = 0.49040 Val acc = 0.81617 
2022-12-06 11:08:36.715298 Epoch 162 	Train Loss = 0.46036 Train acc = 0.85279  Val Loss = 0.49040 Val acc = 0.81628 
2022-12-06 11:08:37.502885 Epoch 163 	Train Loss = 0.46032 Train acc = 0.85285  Val Loss = 0.49043 Val acc = 0.81653 
2022-12-06 11:08:38.295759 Epoch 164 	Train Loss = 0.46019 Train acc = 0.85296  Val Loss = 0.49038 Val acc = 0.81681 
2022-12-06 11:08:39.095509 Epoch 165 	Train Loss = 0.46009 Train acc = 0.85318  Val Loss = 0.49037 Val acc = 0.81691 
2022-12-06 11:08:39.887817 Epoch 166 	Train Loss = 0.46009 Train acc = 0.85318  Val Loss = 0.49037 Val acc = 0.81680 
2022-12-06 11:08:40.686453 Epoch 167 	Train Loss = 0.45990 Train acc = 0.85343  Val Loss = 0.49039 Val acc = 0.81660 
2022-12-06 11:08:41.486075 Epoch 168 	Train Loss = 0.45976 Train acc = 0.85369  Val Loss = 0.49037 Val acc = 0.81650 
2022-12-06 11:08:42.274620 Epoch 169 	Train Loss = 0.45970 Train acc = 0.85360  Val Loss = 0.49043 Val acc = 0.81674 
2022-12-06 11:08:43.083944 Epoch 170 	Train Loss = 0.45962 Train acc = 0.85358  Val Loss = 0.49040 Val acc = 0.81679 
2022-12-06 11:08:43.859600 Epoch 171 	Train Loss = 0.45959 Train acc = 0.85387  Val Loss = 0.49038 Val acc = 0.81660 
2022-12-06 11:08:44.660658 Epoch 172 	Train Loss = 0.45939 Train acc = 0.85411  Val Loss = 0.49037 Val acc = 0.81659 
2022-12-06 11:08:45.451942 Epoch 173 	Train Loss = 0.45944 Train acc = 0.85400  Val Loss = 0.49036 Val acc = 0.81650 
2022-12-06 11:08:46.254405 Epoch 174 	Train Loss = 0.45933 Train acc = 0.85421  Val Loss = 0.49033 Val acc = 0.81640 
2022-12-06 11:08:47.045583 Epoch 175 	Train Loss = 0.45932 Train acc = 0.85416  Val Loss = 0.49037 Val acc = 0.81639 
2022-12-06 11:08:47.846881 Epoch 176 	Train Loss = 0.45916 Train acc = 0.85449  Val Loss = 0.49039 Val acc = 0.81639 
2022-12-06 11:08:48.647446 Epoch 177 	Train Loss = 0.45898 Train acc = 0.85462  Val Loss = 0.49040 Val acc = 0.81618 
2022-12-06 11:08:49.447124 Epoch 178 	Train Loss = 0.45894 Train acc = 0.85478  Val Loss = 0.49038 Val acc = 0.81630 
2022-12-06 11:08:50.245589 Epoch 179 	Train Loss = 0.45891 Train acc = 0.85481  Val Loss = 0.49037 Val acc = 0.81620 
2022-12-06 11:08:51.054337 Epoch 180 	Train Loss = 0.45874 Train acc = 0.85503  Val Loss = 0.49040 Val acc = 0.81598 
2022-12-06 11:08:51.860507 Epoch 181 	Train Loss = 0.45871 Train acc = 0.85514  Val Loss = 0.49036 Val acc = 0.81622 
2022-12-06 11:08:52.651673 Epoch 182 	Train Loss = 0.45865 Train acc = 0.85534  Val Loss = 0.49042 Val acc = 0.81626 
2022-12-06 11:08:53.446112 Epoch 183 	Train Loss = 0.45858 Train acc = 0.85548  Val Loss = 0.49043 Val acc = 0.81617 
2022-12-06 11:08:54.238092 Epoch 184 	Train Loss = 0.45836 Train acc = 0.85571  Val Loss = 0.49045 Val acc = 0.81627 
2022-12-06 11:08:55.032357 Epoch 185 	Train Loss = 0.45833 Train acc = 0.85562  Val Loss = 0.49043 Val acc = 0.81640 
2022-12-06 11:08:55.828698 Epoch 186 	Train Loss = 0.45822 Train acc = 0.85577  Val Loss = 0.49049 Val acc = 0.81588 
2022-12-06 11:08:56.623770 Epoch 187 	Train Loss = 0.45823 Train acc = 0.85572  Val Loss = 0.49049 Val acc = 0.81579 
2022-12-06 11:08:57.425358 Epoch 188 	Train Loss = 0.45819 Train acc = 0.85596  Val Loss = 0.49053 Val acc = 0.81574 
2022-12-06 11:08:58.215655 Epoch 189 	Train Loss = 0.45804 Train acc = 0.85598  Val Loss = 0.49050 Val acc = 0.81572 
2022-12-06 11:08:59.024767 Epoch 190 	Train Loss = 0.45807 Train acc = 0.85625  Val Loss = 0.49047 Val acc = 0.81534 
2022-12-06 11:08:59.820287 Epoch 191 	Train Loss = 0.45793 Train acc = 0.85628  Val Loss = 0.49054 Val acc = 0.81539 
2022-12-06 11:09:00.625017 Epoch 192 	Train Loss = 0.45788 Train acc = 0.85630  Val Loss = 0.49059 Val acc = 0.81526 
2022-12-06 11:09:01.418072 Epoch 193 	Train Loss = 0.45769 Train acc = 0.85650  Val Loss = 0.49061 Val acc = 0.81518 
2022-12-06 11:09:02.205253 Epoch 194 	Train Loss = 0.45771 Train acc = 0.85654  Val Loss = 0.49060 Val acc = 0.81530 
2022-12-06 11:09:03.011996 Epoch 195 	Train Loss = 0.45767 Train acc = 0.85660  Val Loss = 0.49057 Val acc = 0.81513 
2022-12-06 11:09:03.813878 Epoch 196 	Train Loss = 0.45754 Train acc = 0.85661  Val Loss = 0.49061 Val acc = 0.81531 
2022-12-06 11:09:04.605590 Epoch 197 	Train Loss = 0.45746 Train acc = 0.85695  Val Loss = 0.49063 Val acc = 0.81531 
2022-12-06 11:09:05.404520 Epoch 198 	Train Loss = 0.45739 Train acc = 0.85689  Val Loss = 0.49070 Val acc = 0.81538 
2022-12-06 11:09:06.205243 Epoch 199 	Train Loss = 0.45740 Train acc = 0.85693  Val Loss = 0.49071 Val acc = 0.81501 
2022-12-06 11:09:07.002046 Epoch 200 	Train Loss = 0.45735 Train acc = 0.85720  Val Loss = 0.49076 Val acc = 0.81506 
2022-12-06 11:09:07.806508 Epoch 201 	Train Loss = 0.45725 Train acc = 0.85743  Val Loss = 0.49073 Val acc = 0.81531 
2022-12-06 11:09:08.605326 Epoch 202 	Train Loss = 0.45719 Train acc = 0.85748  Val Loss = 0.49076 Val acc = 0.81520 
2022-12-06 11:09:09.406417 Epoch 203 	Train Loss = 0.45701 Train acc = 0.85762  Val Loss = 0.49080 Val acc = 0.81508 
2022-12-06 11:09:10.206650 Epoch 204 	Train Loss = 0.45701 Train acc = 0.85764  Val Loss = 0.49083 Val acc = 0.81499 
Early stopping at epoch: 204
Best at epoch 174:
Train Loss = 0.45933 Train acc = 0.85421 
Val Loss = 0.49033 Val acc = 0.81640 
Test Loss = 0.50188 Test acc = 0.80475 
