2022-12-06 15:33:18.333880 Epoch 1 	Train Loss = 0.69342 Train acc = 0.49647  Val Loss = 0.69291 Val acc = 0.50928 
2022-12-06 15:33:19.850583 Epoch 2 	Train Loss = 0.69281 Train acc = 0.51090  Val Loss = 0.69223 Val acc = 0.52726 
2022-12-06 15:33:21.174923 Epoch 3 	Train Loss = 0.69218 Train acc = 0.52735  Val Loss = 0.69151 Val acc = 0.54066 
2022-12-06 15:33:22.589783 Epoch 4 	Train Loss = 0.69146 Train acc = 0.54306  Val Loss = 0.69078 Val acc = 0.55684 
2022-12-06 15:33:23.937336 Epoch 5 	Train Loss = 0.69061 Train acc = 0.55675  Val Loss = 0.68981 Val acc = 0.57133 
2022-12-06 15:33:25.276853 Epoch 6 	Train Loss = 0.68956 Train acc = 0.57092  Val Loss = 0.68865 Val acc = 0.58580 
2022-12-06 15:33:26.619656 Epoch 7 	Train Loss = 0.68830 Train acc = 0.58469  Val Loss = 0.68724 Val acc = 0.59575 
2022-12-06 15:33:27.942853 Epoch 8 	Train Loss = 0.68678 Train acc = 0.59487  Val Loss = 0.68557 Val acc = 0.60331 
2022-12-06 15:33:29.296480 Epoch 9 	Train Loss = 0.68499 Train acc = 0.60704  Val Loss = 0.68340 Val acc = 0.61459 
2022-12-06 15:33:30.632048 Epoch 10 	Train Loss = 0.68289 Train acc = 0.61548  Val Loss = 0.68125 Val acc = 0.62250 
2022-12-06 15:33:31.970833 Epoch 11 	Train Loss = 0.68047 Train acc = 0.62500  Val Loss = 0.67855 Val acc = 0.63134 
2022-12-06 15:33:33.303071 Epoch 12 	Train Loss = 0.67776 Train acc = 0.63416  Val Loss = 0.67590 Val acc = 0.63783 
2022-12-06 15:33:34.637958 Epoch 13 	Train Loss = 0.67489 Train acc = 0.64239  Val Loss = 0.67283 Val acc = 0.64328 
2022-12-06 15:33:36.005430 Epoch 14 	Train Loss = 0.67196 Train acc = 0.64845  Val Loss = 0.66990 Val acc = 0.64972 
2022-12-06 15:33:37.376704 Epoch 15 	Train Loss = 0.66899 Train acc = 0.65402  Val Loss = 0.66709 Val acc = 0.65541 
2022-12-06 15:33:38.750738 Epoch 16 	Train Loss = 0.66608 Train acc = 0.65765  Val Loss = 0.66448 Val acc = 0.65744 
2022-12-06 15:33:40.120998 Epoch 17 	Train Loss = 0.66316 Train acc = 0.66094  Val Loss = 0.66137 Val acc = 0.66080 
2022-12-06 15:33:41.443278 Epoch 18 	Train Loss = 0.66029 Train acc = 0.66314  Val Loss = 0.65842 Val acc = 0.66365 
2022-12-06 15:33:42.772879 Epoch 19 	Train Loss = 0.65750 Train acc = 0.66493  Val Loss = 0.65620 Val acc = 0.66371 
2022-12-06 15:33:44.088832 Epoch 20 	Train Loss = 0.65483 Train acc = 0.66577  Val Loss = 0.65341 Val acc = 0.66534 
2022-12-06 15:33:45.408619 Epoch 21 	Train Loss = 0.65235 Train acc = 0.66630  Val Loss = 0.65072 Val acc = 0.66622 
2022-12-06 15:33:46.718576 Epoch 22 	Train Loss = 0.64996 Train acc = 0.66673  Val Loss = 0.64915 Val acc = 0.66538 
2022-12-06 15:33:48.030856 Epoch 23 	Train Loss = 0.64780 Train acc = 0.66704  Val Loss = 0.64723 Val acc = 0.66500 
2022-12-06 15:33:49.347286 Epoch 24 	Train Loss = 0.64582 Train acc = 0.66712  Val Loss = 0.64524 Val acc = 0.66568 
2022-12-06 15:33:50.673023 Epoch 25 	Train Loss = 0.64399 Train acc = 0.66716  Val Loss = 0.64391 Val acc = 0.66520 
2022-12-06 15:33:52.039233 Epoch 26 	Train Loss = 0.64234 Train acc = 0.66724  Val Loss = 0.64169 Val acc = 0.66674 
2022-12-06 15:33:53.367809 Epoch 27 	Train Loss = 0.64084 Train acc = 0.66726  Val Loss = 0.64116 Val acc = 0.66540 
2022-12-06 15:33:54.863458 Epoch 28 	Train Loss = 0.63953 Train acc = 0.66733  Val Loss = 0.63928 Val acc = 0.66694 
2022-12-06 15:33:56.206647 Epoch 29 	Train Loss = 0.63838 Train acc = 0.66733  Val Loss = 0.63826 Val acc = 0.66684 
2022-12-06 15:33:57.542220 Epoch 30 	Train Loss = 0.63737 Train acc = 0.66729  Val Loss = 0.63768 Val acc = 0.66636 
2022-12-06 15:33:58.855556 Epoch 31 	Train Loss = 0.63647 Train acc = 0.66730  Val Loss = 0.63792 Val acc = 0.66396 
2022-12-06 15:34:00.193448 Epoch 32 	Train Loss = 0.63567 Train acc = 0.66734  Val Loss = 0.63612 Val acc = 0.66636 
2022-12-06 15:34:01.559263 Epoch 33 	Train Loss = 0.63495 Train acc = 0.66732  Val Loss = 0.63543 Val acc = 0.66646 
2022-12-06 15:34:02.906764 Epoch 34 	Train Loss = 0.63437 Train acc = 0.66725  Val Loss = 0.63587 Val acc = 0.66502 
2022-12-06 15:34:04.328268 Epoch 35 	Train Loss = 0.63377 Train acc = 0.66735  Val Loss = 0.63433 Val acc = 0.66694 
2022-12-06 15:34:05.876192 Epoch 36 	Train Loss = 0.63330 Train acc = 0.66729  Val Loss = 0.63367 Val acc = 0.66703 
2022-12-06 15:34:07.433547 Epoch 37 	Train Loss = 0.63287 Train acc = 0.66729  Val Loss = 0.63402 Val acc = 0.66550 
2022-12-06 15:34:08.772090 Epoch 38 	Train Loss = 0.63244 Train acc = 0.66731  Val Loss = 0.63323 Val acc = 0.66646 
2022-12-06 15:34:10.131546 Epoch 39 	Train Loss = 0.63205 Train acc = 0.66729  Val Loss = 0.63323 Val acc = 0.66598 
2022-12-06 15:34:11.482816 Epoch 40 	Train Loss = 0.63173 Train acc = 0.66731  Val Loss = 0.63227 Val acc = 0.66694 
2022-12-06 15:34:12.804466 Epoch 41 	Train Loss = 0.63143 Train acc = 0.66731  Val Loss = 0.63232 Val acc = 0.66694 
2022-12-06 15:34:14.115456 Epoch 42 	Train Loss = 0.63116 Train acc = 0.66727  Val Loss = 0.63208 Val acc = 0.66646 
2022-12-06 15:34:15.547930 Epoch 43 	Train Loss = 0.63091 Train acc = 0.66731  Val Loss = 0.63208 Val acc = 0.66646 
2022-12-06 15:34:17.008709 Epoch 44 	Train Loss = 0.63066 Train acc = 0.66729  Val Loss = 0.63223 Val acc = 0.66598 
2022-12-06 15:34:18.484799 Epoch 45 	Train Loss = 0.63046 Train acc = 0.66729  Val Loss = 0.63352 Val acc = 0.66358 
2022-12-06 15:34:19.898823 Epoch 46 	Train Loss = 0.63024 Train acc = 0.66731  Val Loss = 0.63243 Val acc = 0.66502 
2022-12-06 15:34:21.374907 Epoch 47 	Train Loss = 0.63005 Train acc = 0.66733  Val Loss = 0.63207 Val acc = 0.66550 
2022-12-06 15:34:22.818418 Epoch 48 	Train Loss = 0.62988 Train acc = 0.66726  Val Loss = 0.63143 Val acc = 0.66646 
2022-12-06 15:34:24.249595 Epoch 49 	Train Loss = 0.62974 Train acc = 0.66727  Val Loss = 0.63056 Val acc = 0.66741 
2022-12-06 15:34:25.738303 Epoch 50 	Train Loss = 0.62956 Train acc = 0.66730  Val Loss = 0.63083 Val acc = 0.66694 
2022-12-06 15:34:27.261554 Epoch 51 	Train Loss = 0.62943 Train acc = 0.66725  Val Loss = 0.63087 Val acc = 0.66636 
2022-12-06 15:34:28.586703 Epoch 52 	Train Loss = 0.62931 Train acc = 0.66726  Val Loss = 0.63046 Val acc = 0.66694 
2022-12-06 15:34:30.022009 Epoch 53 	Train Loss = 0.62915 Train acc = 0.66729  Val Loss = 0.63064 Val acc = 0.66636 
2022-12-06 15:34:31.518286 Epoch 54 	Train Loss = 0.62901 Train acc = 0.66726  Val Loss = 0.63099 Val acc = 0.66646 
2022-12-06 15:34:32.897992 Epoch 55 	Train Loss = 0.62894 Train acc = 0.66730  Val Loss = 0.63137 Val acc = 0.66550 
2022-12-06 15:34:34.236431 Epoch 56 	Train Loss = 0.62886 Train acc = 0.66720  Val Loss = 0.63043 Val acc = 0.66646 
2022-12-06 15:34:35.716220 Epoch 57 	Train Loss = 0.62874 Train acc = 0.66715  Val Loss = 0.63078 Val acc = 0.66598 
2022-12-06 15:34:37.206247 Epoch 58 	Train Loss = 0.62866 Train acc = 0.66716  Val Loss = 0.63144 Val acc = 0.66444 
2022-12-06 15:34:38.595961 Epoch 59 	Train Loss = 0.62853 Train acc = 0.66725  Val Loss = 0.63131 Val acc = 0.66492 
2022-12-06 15:34:39.951500 Epoch 60 	Train Loss = 0.62848 Train acc = 0.66724  Val Loss = 0.63084 Val acc = 0.66540 
2022-12-06 15:34:41.262278 Epoch 61 	Train Loss = 0.62839 Train acc = 0.66713  Val Loss = 0.63031 Val acc = 0.66636 
2022-12-06 15:34:42.608697 Epoch 62 	Train Loss = 0.62828 Train acc = 0.66730  Val Loss = 0.63006 Val acc = 0.66684 
2022-12-06 15:34:43.953037 Epoch 63 	Train Loss = 0.62825 Train acc = 0.66710  Val Loss = 0.63036 Val acc = 0.66636 
2022-12-06 15:34:45.286834 Epoch 64 	Train Loss = 0.62816 Train acc = 0.66718  Val Loss = 0.63055 Val acc = 0.66530 
2022-12-06 15:34:46.619276 Epoch 65 	Train Loss = 0.62812 Train acc = 0.66714  Val Loss = 0.63026 Val acc = 0.66578 
2022-12-06 15:34:47.942594 Epoch 66 	Train Loss = 0.62803 Train acc = 0.66710  Val Loss = 0.63066 Val acc = 0.66530 
2022-12-06 15:34:49.256732 Epoch 67 	Train Loss = 0.62800 Train acc = 0.66712  Val Loss = 0.62993 Val acc = 0.66646 
2022-12-06 15:34:50.562694 Epoch 68 	Train Loss = 0.62790 Train acc = 0.66721  Val Loss = 0.63049 Val acc = 0.66588 
2022-12-06 15:34:51.873970 Epoch 69 	Train Loss = 0.62786 Train acc = 0.66709  Val Loss = 0.62939 Val acc = 0.66722 
2022-12-06 15:34:53.213835 Epoch 70 	Train Loss = 0.62778 Train acc = 0.66713  Val Loss = 0.62956 Val acc = 0.66684 
2022-12-06 15:34:54.568370 Epoch 71 	Train Loss = 0.62774 Train acc = 0.66706  Val Loss = 0.63007 Val acc = 0.66588 
2022-12-06 15:34:55.900308 Epoch 72 	Train Loss = 0.62768 Train acc = 0.66714  Val Loss = 0.63015 Val acc = 0.66636 
2022-12-06 15:34:57.260374 Epoch 73 	Train Loss = 0.62762 Train acc = 0.66724  Val Loss = 0.63063 Val acc = 0.66530 
2022-12-06 15:34:58.611651 Epoch 74 	Train Loss = 0.62759 Train acc = 0.66714  Val Loss = 0.62990 Val acc = 0.66636 
2022-12-06 15:34:59.934302 Epoch 75 	Train Loss = 0.62756 Train acc = 0.66707  Val Loss = 0.63060 Val acc = 0.66482 
2022-12-06 15:35:01.239288 Epoch 76 	Train Loss = 0.62747 Train acc = 0.66734  Val Loss = 0.63027 Val acc = 0.66528 
2022-12-06 15:35:02.551949 Epoch 77 	Train Loss = 0.62745 Train acc = 0.66711  Val Loss = 0.63043 Val acc = 0.66520 
2022-12-06 15:35:03.878997 Epoch 78 	Train Loss = 0.62738 Train acc = 0.66723  Val Loss = 0.62998 Val acc = 0.66540 
2022-12-06 15:35:05.266879 Epoch 79 	Train Loss = 0.62737 Train acc = 0.66724  Val Loss = 0.62899 Val acc = 0.66760 
2022-12-06 15:35:06.723385 Epoch 80 	Train Loss = 0.62732 Train acc = 0.66716  Val Loss = 0.63088 Val acc = 0.66520 
2022-12-06 15:35:08.270768 Epoch 81 	Train Loss = 0.62726 Train acc = 0.66728  Val Loss = 0.63024 Val acc = 0.66500 
2022-12-06 15:35:09.732268 Epoch 82 	Train Loss = 0.62720 Train acc = 0.66727  Val Loss = 0.62947 Val acc = 0.66664 
2022-12-06 15:35:11.156408 Epoch 83 	Train Loss = 0.62718 Train acc = 0.66722  Val Loss = 0.62949 Val acc = 0.66664 
2022-12-06 15:35:12.604571 Epoch 84 	Train Loss = 0.62713 Train acc = 0.66715  Val Loss = 0.62984 Val acc = 0.66528 
2022-12-06 15:35:14.061721 Epoch 85 	Train Loss = 0.62708 Train acc = 0.66712  Val Loss = 0.63016 Val acc = 0.66558 
2022-12-06 15:35:15.592564 Epoch 86 	Train Loss = 0.62704 Train acc = 0.66711  Val Loss = 0.63008 Val acc = 0.66528 
2022-12-06 15:35:17.021672 Epoch 87 	Train Loss = 0.62700 Train acc = 0.66714  Val Loss = 0.63011 Val acc = 0.66490 
2022-12-06 15:35:18.515432 Epoch 88 	Train Loss = 0.62693 Train acc = 0.66721  Val Loss = 0.63008 Val acc = 0.66548 
2022-12-06 15:35:19.962776 Epoch 89 	Train Loss = 0.62691 Train acc = 0.66716  Val Loss = 0.62984 Val acc = 0.66596 
Early stopping at epoch: 89
Best at epoch 79:
Train Loss = 0.62737 Train acc = 0.66724 
Val Loss = 0.62899 Val acc = 0.66760 
Test Loss = 0.62792 Test acc = 0.67050 
